{"/Users/oyekunle/Documents/Obiren/apps/api/src/app.module.ts": {"path":"/Users/oyekunle/Documents/Obiren/apps/api/src/app.module.ts","statementMap":{"0":{"start":{"line":1,"column":0},"end":{"line":1,"column":40}},"1":{"start":{"line":2,"column":0},"end":{"line":2,"column":50}},"2":{"start":{"line":3,"column":0},"end":{"line":3,"column":52}},"3":{"start":{"line":4,"column":0},"end":{"line":4,"column":61}},"4":{"start":{"line":6,"column":0},"end":{"line":6,"column":56}},"5":{"start":{"line":7,"column":0},"end":{"line":7,"column":59}},"6":{"start":{"line":8,"column":0},"end":{"line":8,"column":62}},"7":{"start":{"line":9,"column":0},"end":{"line":9,"column":71}},"8":{"start":{"line":10,"column":0},"end":{"line":10,"column":71}},"9":{"start":{"line":11,"column":0},"end":{"line":11,"column":83}},"10":{"start":{"line":12,"column":0},"end":{"line":12,"column":62}},"11":{"start":{"line":13,"column":0},"end":{"line":13,"column":79}},"12":{"start":{"line":14,"column":0},"end":{"line":14,"column":59}},"13":{"start":{"line":15,"column":0},"end":{"line":15,"column":54}},"14":{"start":{"line":50,"column":7},"end":{"line":50,"column":null}},"15":{"start":{"line":50,"column":13},"end":{"line":50,"column":22}},"16":{"start":{"line":50,"column":13},"end":{"line":50,"column":null}},"17":{"start":{"line":29,"column":46},"end":{"line":36,"column":8}}},"fnMap":{"0":{"name":"(anonymous_1)","decl":{"start":{"line":29,"column":18},"end":{"line":29,"column":19}},"loc":{"start":{"line":29,"column":46},"end":{"line":36,"column":8}}}},"branchMap":{"0":{"loc":{"start":{"line":30,"column":13},"end":{"line":30,"column":96}},"type":"binary-expr","locations":[{"start":{"line":30,"column":13},"end":{"line":30,"column":46}},{"start":{"line":30,"column":50},"end":{"line":30,"column":96}}]}},"s":{"0":0,"1":0,"2":0,"3":0,"4":0,"5":0,"6":0,"7":0,"8":0,"9":0,"10":0,"11":0,"12":0,"13":0,"14":0,"15":0,"16":0,"17":0},"f":{"0":0},"b":{"0":[0,0]}}
,"/Users/oyekunle/Documents/Obiren/apps/api/src/main.ts": {"path":"/Users/oyekunle/Documents/Obiren/apps/api/src/main.ts","statementMap":{"0":{"start":{"line":1,"column":0},"end":{"line":1,"column":43}},"1":{"start":{"line":2,"column":0},"end":{"line":2,"column":48}},"2":{"start":{"line":3,"column":0},"end":{"line":3,"column":28}},"3":{"start":{"line":4,"column":0},"end":{"line":4,"column":41}},"4":{"start":{"line":7,"column":14},"end":{"line":7,"column":49}},"5":{"start":{"line":10,"column":2},"end":{"line":10,"column":20}},"6":{"start":{"line":12,"column":2},"end":{"line":12,"column":32}},"7":{"start":{"line":15,"column":2},"end":{"line":24,"column":4}},"8":{"start":{"line":26,"column":2},"end":{"line":29,"column":5}},"9":{"start":{"line":31,"column":15},"end":{"line":31,"column":39}},"10":{"start":{"line":32,"column":2},"end":{"line":32,"column":25}},"11":{"start":{"line":33,"column":2},"end":{"line":33,"column":94}},"12":{"start":{"line":36,"column":0},"end":{"line":36,"column":12}}},"fnMap":{"0":{"name":"bootstrap","decl":{"start":{"line":6,"column":15},"end":{"line":6,"column":24}},"loc":{"start":{"line":6,"column":24},"end":{"line":34,"column":1}}}},"branchMap":{"0":{"loc":{"start":{"line":31,"column":15},"end":{"line":31,"column":39}},"type":"binary-expr","locations":[{"start":{"line":31,"column":15},"end":{"line":31,"column":31}},{"start":{"line":31,"column":35},"end":{"line":31,"column":39}}]}},"s":{"0":0,"1":0,"2":0,"3":0,"4":0,"5":0,"6":0,"7":0,"8":0,"9":0,"10":0,"11":0,"12":0},"f":{"0":0},"b":{"0":[0,0]}}
,"/Users/oyekunle/Documents/Obiren/apps/api/src/common/decorators/roles.decorator.ts": {"path":"/Users/oyekunle/Documents/Obiren/apps/api/src/common/decorators/roles.decorator.ts","statementMap":{"0":{"start":{"line":1,"column":0},"end":{"line":1,"column":45}},"1":{"start":{"line":3,"column":21},"end":{"line":3,"column":72}},"2":{"start":{"line":3,"column":45},"end":{"line":3,"column":72}},"3":{"start":{"line":3,"column":13},"end":{"line":3,"column":21}}},"fnMap":{"0":{"name":"(anonymous_0)","decl":{"start":{"line":3,"column":21},"end":{"line":3,"column":22}},"loc":{"start":{"line":3,"column":45},"end":{"line":3,"column":72}}}},"branchMap":{},"s":{"0":0,"1":0,"2":0,"3":0},"f":{"0":0},"b":{}}
,"/Users/oyekunle/Documents/Obiren/apps/api/src/common/guards/jwt-auth.guard.ts": {"path":"/Users/oyekunle/Documents/Obiren/apps/api/src/common/guards/jwt-auth.guard.ts","statementMap":{"0":{"start":{"line":1,"column":0},"end":{"line":1,"column":98}},"1":{"start":{"line":2,"column":0},"end":{"line":2,"column":41}},"2":{"start":{"line":5,"column":7},"end":{"line":27,"column":null}},"3":{"start":{"line":6,"column":31},"end":{"line":6,"column":43}},"4":{"start":{"line":9,"column":20},"end":{"line":9,"column":55}},"5":{"start":{"line":10,"column":23},"end":{"line":10,"column":52}},"6":{"start":{"line":12,"column":4},"end":{"line":14,"column":5}},"7":{"start":{"line":13,"column":6},"end":{"line":13,"column":81}},"8":{"start":{"line":16,"column":18},"end":{"line":16,"column":42}},"9":{"start":{"line":17,"column":4},"end":{"line":25,"column":5}},"10":{"start":{"line":18,"column":22},"end":{"line":20,"column":8}},"11":{"start":{"line":21,"column":6},"end":{"line":21,"column":29}},"12":{"start":{"line":22,"column":6},"end":{"line":22,"column":18}},"13":{"start":{"line":24,"column":6},"end":{"line":24,"column":69}},"14":{"start":{"line":5,"column":13},"end":{"line":5,"column":25}},"15":{"start":{"line":5,"column":13},"end":{"line":27,"column":null}}},"fnMap":{"0":{"name":"(anonymous_2)","decl":{"start":{"line":6,"column":2},"end":{"line":6,"column":31}},"loc":{"start":{"line":6,"column":53},"end":{"line":6,"column":57}}},"1":{"name":"(anonymous_3)","decl":{"start":{"line":8,"column":2},"end":{"line":8,"column":7}},"loc":{"start":{"line":8,"column":45},"end":{"line":26,"column":3}}}},"branchMap":{"0":{"loc":{"start":{"line":12,"column":4},"end":{"line":14,"column":5}},"type":"if","locations":[{"start":{"line":12,"column":4},"end":{"line":14,"column":5}}]},"1":{"loc":{"start":{"line":12,"column":8},"end":{"line":12,"column":56}},"type":"binary-expr","locations":[{"start":{"line":12,"column":8},"end":{"line":12,"column":19}},{"start":{"line":12,"column":23},"end":{"line":12,"column":56}}]},"2":{"loc":{"start":{"line":19,"column":16},"end":{"line":19,"column":96}},"type":"binary-expr","locations":[{"start":{"line":19,"column":16},"end":{"line":19,"column":45}},{"start":{"line":19,"column":49},"end":{"line":19,"column":96}}]}},"s":{"0":0,"1":0,"2":0,"3":0,"4":0,"5":0,"6":0,"7":0,"8":0,"9":0,"10":0,"11":0,"12":0,"13":0,"14":0,"15":0},"f":{"0":0,"1":0},"b":{"0":[0],"1":[0,0],"2":[0,0]}}
,"/Users/oyekunle/Documents/Obiren/apps/api/src/common/guards/roles.guard.ts": {"path":"/Users/oyekunle/Documents/Obiren/apps/api/src/common/guards/roles.guard.ts","statementMap":{"0":{"start":{"line":1,"column":0},"end":{"line":1,"column":95}},"1":{"start":{"line":2,"column":0},"end":{"line":2,"column":41}},"2":{"start":{"line":5,"column":7},"end":{"line":28,"column":null}},"3":{"start":{"line":6,"column":22},"end":{"line":6,"column":33}},"4":{"start":{"line":9,"column":26},"end":{"line":9,"column":85}},"5":{"start":{"line":10,"column":4},"end":{"line":12,"column":5}},"6":{"start":{"line":11,"column":6},"end":{"line":11,"column":18}},"7":{"start":{"line":14,"column":20},"end":{"line":14,"column":55}},"8":{"start":{"line":15,"column":17},"end":{"line":15,"column":29}},"9":{"start":{"line":17,"column":4},"end":{"line":19,"column":5}},"10":{"start":{"line":18,"column":6},"end":{"line":18,"column":73}},"11":{"start":{"line":21,"column":20},"end":{"line":21,"column":75}},"12":{"start":{"line":21,"column":49},"end":{"line":21,"column":74}},"13":{"start":{"line":22,"column":4},"end":{"line":24,"column":5}},"14":{"start":{"line":23,"column":6},"end":{"line":23,"column":95}},"15":{"start":{"line":26,"column":4},"end":{"line":26,"column":16}},"16":{"start":{"line":5,"column":13},"end":{"line":5,"column":23}},"17":{"start":{"line":5,"column":13},"end":{"line":28,"column":null}}},"fnMap":{"0":{"name":"(anonymous_2)","decl":{"start":{"line":6,"column":2},"end":{"line":6,"column":22}},"loc":{"start":{"line":6,"column":42},"end":{"line":6,"column":46}}},"1":{"name":"(anonymous_3)","decl":{"start":{"line":8,"column":2},"end":{"line":8,"column":13}},"loc":{"start":{"line":8,"column":39},"end":{"line":27,"column":3}}},"2":{"name":"(anonymous_4)","decl":{"start":{"line":21,"column":39},"end":{"line":21,"column":40}},"loc":{"start":{"line":21,"column":49},"end":{"line":21,"column":74}}}},"branchMap":{"0":{"loc":{"start":{"line":10,"column":4},"end":{"line":12,"column":5}},"type":"if","locations":[{"start":{"line":10,"column":4},"end":{"line":12,"column":5}}]},"1":{"loc":{"start":{"line":17,"column":4},"end":{"line":19,"column":5}},"type":"if","locations":[{"start":{"line":17,"column":4},"end":{"line":19,"column":5}}]},"2":{"loc":{"start":{"line":17,"column":8},"end":{"line":17,"column":28}},"type":"binary-expr","locations":[{"start":{"line":17,"column":8},"end":{"line":17,"column":13}},{"start":{"line":17,"column":17},"end":{"line":17,"column":28}}]},"3":{"loc":{"start":{"line":22,"column":4},"end":{"line":24,"column":5}},"type":"if","locations":[{"start":{"line":22,"column":4},"end":{"line":24,"column":5}}]}},"s":{"0":0,"1":0,"2":0,"3":0,"4":0,"5":0,"6":0,"7":0,"8":0,"9":0,"10":0,"11":0,"12":0,"13":0,"14":0,"15":0,"16":0,"17":0},"f":{"0":0,"1":0,"2":0},"b":{"0":[0],"1":[0],"2":[0,0],"3":[0]}}
,"/Users/oyekunle/Documents/Obiren/apps/api/src/database/schemas/audit-log.schema.ts": {"path":"/Users/oyekunle/Documents/Obiren/apps/api/src/database/schemas/audit-log.schema.ts","statementMap":{"0":{"start":{"line":1,"column":0},"end":{"line":1,"column":63}},"1":{"start":{"line":2,"column":0},"end":{"line":2,"column":43}},"2":{"start":{"line":7,"column":7},"end":{"line":31,"column":null}},"3":{"start":{"line":7,"column":13},"end":{"line":7,"column":21}},"4":{"start":{"line":9,"column":2},"end":{"line":9,"column":null}},"5":{"start":{"line":12,"column":2},"end":{"line":12,"column":null}},"6":{"start":{"line":15,"column":2},"end":{"line":15,"column":null}},"7":{"start":{"line":18,"column":2},"end":{"line":18,"column":null}},"8":{"start":{"line":21,"column":2},"end":{"line":21,"column":null}},"9":{"start":{"line":24,"column":2},"end":{"line":24,"column":null}},"10":{"start":{"line":27,"column":2},"end":{"line":27,"column":null}},"11":{"start":{"line":30,"column":2},"end":{"line":30,"column":null}},"12":{"start":{"line":7,"column":13},"end":{"line":31,"column":null}},"13":{"start":{"line":33,"column":13},"end":{"line":33,"column":69}}},"fnMap":{},"branchMap":{},"s":{"0":0,"1":0,"2":0,"3":0,"4":0,"5":0,"6":0,"7":0,"8":0,"9":0,"10":0,"11":0,"12":0,"13":0},"f":{},"b":{}}
,"/Users/oyekunle/Documents/Obiren/apps/api/src/database/schemas/cycle.schema.ts": {"path":"/Users/oyekunle/Documents/Obiren/apps/api/src/database/schemas/cycle.schema.ts","statementMap":{"0":{"start":{"line":1,"column":0},"end":{"line":1,"column":63}},"1":{"start":{"line":2,"column":0},"end":{"line":2,"column":43}},"2":{"start":{"line":7,"column":7},"end":{"line":37,"column":null}},"3":{"start":{"line":7,"column":13},"end":{"line":7,"column":18}},"4":{"start":{"line":9,"column":2},"end":{"line":9,"column":null}},"5":{"start":{"line":12,"column":2},"end":{"line":12,"column":null}},"6":{"start":{"line":15,"column":2},"end":{"line":15,"column":null}},"7":{"start":{"line":18,"column":2},"end":{"line":18,"column":null}},"8":{"start":{"line":21,"column":2},"end":{"line":21,"column":null}},"9":{"start":{"line":24,"column":2},"end":{"line":24,"column":null}},"10":{"start":{"line":27,"column":2},"end":{"line":27,"column":null}},"11":{"start":{"line":30,"column":2},"end":{"line":30,"column":null}},"12":{"start":{"line":33,"column":2},"end":{"line":33,"column":null}},"13":{"start":{"line":36,"column":2},"end":{"line":36,"column":null}},"14":{"start":{"line":7,"column":13},"end":{"line":37,"column":null}},"15":{"start":{"line":39,"column":13},"end":{"line":39,"column":63}},"16":{"start":{"line":40,"column":0},"end":{"line":40,"column":48}},"17":{"start":{"line":45,"column":7},"end":{"line":96,"column":null}},"18":{"start":{"line":45,"column":13},"end":{"line":45,"column":21}},"19":{"start":{"line":47,"column":2},"end":{"line":47,"column":null}},"20":{"start":{"line":50,"column":2},"end":{"line":50,"column":null}},"21":{"start":{"line":53,"column":2},"end":{"line":53,"column":null}},"22":{"start":{"line":61,"column":2},"end":{"line":64,"column":null}},"23":{"start":{"line":72,"column":2},"end":{"line":75,"column":null}},"24":{"start":{"line":78,"column":2},"end":{"line":78,"column":null}},"25":{"start":{"line":81,"column":2},"end":{"line":81,"column":null}},"26":{"start":{"line":89,"column":2},"end":{"line":92,"column":null}},"27":{"start":{"line":95,"column":2},"end":{"line":95,"column":null}},"28":{"start":{"line":45,"column":13},"end":{"line":96,"column":null}},"29":{"start":{"line":98,"column":13},"end":{"line":98,"column":69}},"30":{"start":{"line":101,"column":0},"end":{"line":101,"column":63}}},"fnMap":{},"branchMap":{},"s":{"0":0,"1":0,"2":0,"3":0,"4":0,"5":0,"6":0,"7":0,"8":0,"9":0,"10":0,"11":0,"12":0,"13":0,"14":0,"15":0,"16":0,"17":0,"18":0,"19":0,"20":0,"21":0,"22":0,"23":0,"24":0,"25":0,"26":0,"27":0,"28":0,"29":0,"30":0},"f":{},"b":{}}
,"/Users/oyekunle/Documents/Obiren/apps/api/src/database/schemas/directory.schema.ts": {"path":"/Users/oyekunle/Documents/Obiren/apps/api/src/database/schemas/directory.schema.ts","statementMap":{"0":{"start":{"line":1,"column":0},"end":{"line":1,"column":63}},"1":{"start":{"line":7,"column":7},"end":{"line":73,"column":null}},"2":{"start":{"line":7,"column":13},"end":{"line":7,"column":29}},"3":{"start":{"line":9,"column":2},"end":{"line":9,"column":null}},"4":{"start":{"line":12,"column":2},"end":{"line":12,"column":null}},"5":{"start":{"line":15,"column":2},"end":{"line":15,"column":null}},"6":{"start":{"line":18,"column":2},"end":{"line":18,"column":null}},"7":{"start":{"line":21,"column":2},"end":{"line":21,"column":null}},"8":{"start":{"line":24,"column":2},"end":{"line":24,"column":null}},"9":{"start":{"line":27,"column":2},"end":{"line":27,"column":null}},"10":{"start":{"line":30,"column":2},"end":{"line":30,"column":null}},"11":{"start":{"line":33,"column":2},"end":{"line":33,"column":null}},"12":{"start":{"line":36,"column":2},"end":{"line":36,"column":null}},"13":{"start":{"line":39,"column":2},"end":{"line":39,"column":null}},"14":{"start":{"line":42,"column":2},"end":{"line":42,"column":null}},"15":{"start":{"line":45,"column":2},"end":{"line":45,"column":null}},"16":{"start":{"line":48,"column":2},"end":{"line":48,"column":null}},"17":{"start":{"line":51,"column":2},"end":{"line":51,"column":null}},"18":{"start":{"line":54,"column":2},"end":{"line":54,"column":null}},"19":{"start":{"line":57,"column":2},"end":{"line":57,"column":null}},"20":{"start":{"line":60,"column":2},"end":{"line":60,"column":null}},"21":{"start":{"line":69,"column":2},"end":{"line":72,"column":null}},"22":{"start":{"line":7,"column":13},"end":{"line":73,"column":null}},"23":{"start":{"line":75,"column":13},"end":{"line":75,"column":85}},"24":{"start":{"line":76,"column":0},"end":{"line":76,"column":66}},"25":{"start":{"line":77,"column":0},"end":{"line":77,"column":85}}},"fnMap":{},"branchMap":{},"s":{"0":0,"1":0,"2":0,"3":0,"4":0,"5":0,"6":0,"7":0,"8":0,"9":0,"10":0,"11":0,"12":0,"13":0,"14":0,"15":0,"16":0,"17":0,"18":0,"19":0,"20":0,"21":0,"22":0,"23":0,"24":0,"25":0},"f":{},"b":{}}
,"/Users/oyekunle/Documents/Obiren/apps/api/src/database/schemas/health-vault.schema.ts": {"path":"/Users/oyekunle/Documents/Obiren/apps/api/src/database/schemas/health-vault.schema.ts","statementMap":{"0":{"start":{"line":1,"column":0},"end":{"line":1,"column":63}},"1":{"start":{"line":2,"column":0},"end":{"line":2,"column":43}},"2":{"start":{"line":7,"column":7},"end":{"line":41,"column":null}},"3":{"start":{"line":7,"column":13},"end":{"line":7,"column":27}},"4":{"start":{"line":9,"column":2},"end":{"line":9,"column":null}},"5":{"start":{"line":12,"column":2},"end":{"line":12,"column":null}},"6":{"start":{"line":19,"column":2},"end":{"line":19,"column":null}},"7":{"start":{"line":22,"column":2},"end":{"line":22,"column":null}},"8":{"start":{"line":25,"column":2},"end":{"line":25,"column":null}},"9":{"start":{"line":28,"column":2},"end":{"line":28,"column":null}},"10":{"start":{"line":31,"column":2},"end":{"line":31,"column":null}},"11":{"start":{"line":34,"column":2},"end":{"line":34,"column":null}},"12":{"start":{"line":37,"column":2},"end":{"line":37,"column":null}},"13":{"start":{"line":40,"column":2},"end":{"line":40,"column":null}},"14":{"start":{"line":7,"column":13},"end":{"line":41,"column":null}},"15":{"start":{"line":43,"column":13},"end":{"line":43,"column":81}},"16":{"start":{"line":48,"column":7},"end":{"line":66,"column":null}},"17":{"start":{"line":48,"column":13},"end":{"line":48,"column":33}},"18":{"start":{"line":50,"column":2},"end":{"line":50,"column":null}},"19":{"start":{"line":53,"column":2},"end":{"line":53,"column":null}},"20":{"start":{"line":56,"column":2},"end":{"line":56,"column":null}},"21":{"start":{"line":59,"column":2},"end":{"line":59,"column":null}},"22":{"start":{"line":62,"column":2},"end":{"line":62,"column":null}},"23":{"start":{"line":65,"column":2},"end":{"line":65,"column":null}},"24":{"start":{"line":48,"column":13},"end":{"line":66,"column":null}},"25":{"start":{"line":68,"column":13},"end":{"line":68,"column":93}}},"fnMap":{},"branchMap":{},"s":{"0":0,"1":0,"2":0,"3":0,"4":0,"5":0,"6":0,"7":0,"8":0,"9":0,"10":0,"11":0,"12":0,"13":0,"14":0,"15":0,"16":0,"17":0,"18":0,"19":0,"20":0,"21":0,"22":0,"23":0,"24":0,"25":0},"f":{},"b":{}}
,"/Users/oyekunle/Documents/Obiren/apps/api/src/database/schemas/notification.schema.ts": {"path":"/Users/oyekunle/Documents/Obiren/apps/api/src/database/schemas/notification.schema.ts","statementMap":{"0":{"start":{"line":1,"column":0},"end":{"line":1,"column":63}},"1":{"start":{"line":2,"column":0},"end":{"line":2,"column":43}},"2":{"start":{"line":7,"column":7},"end":{"line":75,"column":null}},"3":{"start":{"line":7,"column":13},"end":{"line":7,"column":31}},"4":{"start":{"line":9,"column":2},"end":{"line":9,"column":null}},"5":{"start":{"line":18,"column":2},"end":{"line":21,"column":null}},"6":{"start":{"line":24,"column":2},"end":{"line":24,"column":null}},"7":{"start":{"line":27,"column":2},"end":{"line":27,"column":null}},"8":{"start":{"line":30,"column":2},"end":{"line":30,"column":null}},"9":{"start":{"line":33,"column":2},"end":{"line":33,"column":null}},"10":{"start":{"line":36,"column":2},"end":{"line":36,"column":null}},"11":{"start":{"line":39,"column":2},"end":{"line":39,"column":null}},"12":{"start":{"line":47,"column":2},"end":{"line":47,"column":null}},"13":{"start":{"line":50,"column":2},"end":{"line":50,"column":null}},"14":{"start":{"line":53,"column":2},"end":{"line":53,"column":null}},"15":{"start":{"line":56,"column":2},"end":{"line":56,"column":null}},"16":{"start":{"line":59,"column":2},"end":{"line":59,"column":null}},"17":{"start":{"line":62,"column":2},"end":{"line":62,"column":null}},"18":{"start":{"line":65,"column":2},"end":{"line":65,"column":null}},"19":{"start":{"line":68,"column":2},"end":{"line":68,"column":null}},"20":{"start":{"line":71,"column":2},"end":{"line":71,"column":null}},"21":{"start":{"line":74,"column":2},"end":{"line":74,"column":null}},"22":{"start":{"line":7,"column":13},"end":{"line":75,"column":null}},"23":{"start":{"line":77,"column":13},"end":{"line":77,"column":89}},"24":{"start":{"line":80,"column":0},"end":{"line":80,"column":79}}},"fnMap":{},"branchMap":{},"s":{"0":0,"1":0,"2":0,"3":0,"4":0,"5":0,"6":0,"7":0,"8":0,"9":0,"10":0,"11":0,"12":0,"13":0,"14":0,"15":0,"16":0,"17":0,"18":0,"19":0,"20":0,"21":0,"22":0,"23":0,"24":0},"f":{},"b":{}}
,"/Users/oyekunle/Documents/Obiren/apps/api/src/database/schemas/pregnancy.schema.ts": {"path":"/Users/oyekunle/Documents/Obiren/apps/api/src/database/schemas/pregnancy.schema.ts","statementMap":{"0":{"start":{"line":1,"column":0},"end":{"line":1,"column":63}},"1":{"start":{"line":2,"column":0},"end":{"line":2,"column":43}},"2":{"start":{"line":7,"column":7},"end":{"line":45,"column":null}},"3":{"start":{"line":7,"column":13},"end":{"line":7,"column":22}},"4":{"start":{"line":9,"column":2},"end":{"line":9,"column":null}},"5":{"start":{"line":16,"column":2},"end":{"line":16,"column":null}},"6":{"start":{"line":19,"column":2},"end":{"line":19,"column":null}},"7":{"start":{"line":26,"column":2},"end":{"line":26,"column":null}},"8":{"start":{"line":29,"column":2},"end":{"line":29,"column":null}},"9":{"start":{"line":32,"column":2},"end":{"line":32,"column":null}},"10":{"start":{"line":35,"column":2},"end":{"line":35,"column":null}},"11":{"start":{"line":38,"column":2},"end":{"line":38,"column":null}},"12":{"start":{"line":41,"column":2},"end":{"line":41,"column":null}},"13":{"start":{"line":44,"column":2},"end":{"line":44,"column":null}},"14":{"start":{"line":7,"column":13},"end":{"line":45,"column":null}},"15":{"start":{"line":47,"column":13},"end":{"line":47,"column":71}},"16":{"start":{"line":48,"column":0},"end":{"line":48,"column":48}}},"fnMap":{},"branchMap":{},"s":{"0":0,"1":0,"2":0,"3":0,"4":0,"5":0,"6":0,"7":0,"8":0,"9":0,"10":0,"11":0,"12":0,"13":0,"14":0,"15":0,"16":0},"f":{},"b":{}}
,"/Users/oyekunle/Documents/Obiren/apps/api/src/database/schemas/safety.schema.ts": {"path":"/Users/oyekunle/Documents/Obiren/apps/api/src/database/schemas/safety.schema.ts","statementMap":{"0":{"start":{"line":1,"column":0},"end":{"line":1,"column":63}},"1":{"start":{"line":2,"column":0},"end":{"line":2,"column":43}},"2":{"start":{"line":7,"column":7},"end":{"line":34,"column":null}},"3":{"start":{"line":7,"column":13},"end":{"line":7,"column":27}},"4":{"start":{"line":9,"column":2},"end":{"line":9,"column":null}},"5":{"start":{"line":12,"column":2},"end":{"line":12,"column":null}},"6":{"start":{"line":15,"column":2},"end":{"line":15,"column":null}},"7":{"start":{"line":18,"column":2},"end":{"line":18,"column":null}},"8":{"start":{"line":21,"column":2},"end":{"line":21,"column":null}},"9":{"start":{"line":24,"column":2},"end":{"line":24,"column":null}},"10":{"start":{"line":27,"column":2},"end":{"line":27,"column":null}},"11":{"start":{"line":30,"column":2},"end":{"line":30,"column":null}},"12":{"start":{"line":33,"column":2},"end":{"line":33,"column":null}},"13":{"start":{"line":7,"column":13},"end":{"line":34,"column":null}},"14":{"start":{"line":36,"column":13},"end":{"line":36,"column":81}},"15":{"start":{"line":37,"column":0},"end":{"line":37,"column":59}}},"fnMap":{},"branchMap":{},"s":{"0":0,"1":0,"2":0,"3":0,"4":0,"5":0,"6":0,"7":0,"8":0,"9":0,"10":0,"11":0,"12":0,"13":0,"14":0,"15":0},"f":{},"b":{}}
,"/Users/oyekunle/Documents/Obiren/apps/api/src/database/schemas/session.schema.ts": {"path":"/Users/oyekunle/Documents/Obiren/apps/api/src/database/schemas/session.schema.ts","statementMap":{"0":{"start":{"line":1,"column":0},"end":{"line":1,"column":63}},"1":{"start":{"line":2,"column":0},"end":{"line":2,"column":43}},"2":{"start":{"line":7,"column":7},"end":{"line":40,"column":null}},"3":{"start":{"line":7,"column":13},"end":{"line":7,"column":20}},"4":{"start":{"line":9,"column":2},"end":{"line":9,"column":null}},"5":{"start":{"line":12,"column":2},"end":{"line":12,"column":null}},"6":{"start":{"line":15,"column":2},"end":{"line":15,"column":null}},"7":{"start":{"line":18,"column":2},"end":{"line":18,"column":null}},"8":{"start":{"line":21,"column":2},"end":{"line":21,"column":null}},"9":{"start":{"line":24,"column":2},"end":{"line":24,"column":null}},"10":{"start":{"line":27,"column":2},"end":{"line":27,"column":null}},"11":{"start":{"line":30,"column":2},"end":{"line":30,"column":null}},"12":{"start":{"line":33,"column":2},"end":{"line":33,"column":null}},"13":{"start":{"line":36,"column":2},"end":{"line":36,"column":null}},"14":{"start":{"line":39,"column":2},"end":{"line":39,"column":null}},"15":{"start":{"line":7,"column":13},"end":{"line":40,"column":null}},"16":{"start":{"line":42,"column":13},"end":{"line":42,"column":67}},"17":{"start":{"line":43,"column":0},"end":{"line":43,"column":49}}},"fnMap":{},"branchMap":{},"s":{"0":0,"1":0,"2":0,"3":0,"4":0,"5":0,"6":0,"7":0,"8":0,"9":0,"10":0,"11":0,"12":0,"13":0,"14":0,"15":0,"16":0,"17":0},"f":{},"b":{}}
,"/Users/oyekunle/Documents/Obiren/apps/api/src/database/schemas/user.schema.ts": {"path":"/Users/oyekunle/Documents/Obiren/apps/api/src/database/schemas/user.schema.ts","statementMap":{"0":{"start":{"line":1,"column":0},"end":{"line":1,"column":63}},"1":{"start":{"line":2,"column":0},"end":{"line":2,"column":43}},"2":{"start":{"line":7,"column":7},"end":{"line":50,"column":null}},"3":{"start":{"line":7,"column":13},"end":{"line":7,"column":17}},"4":{"start":{"line":9,"column":2},"end":{"line":9,"column":null}},"5":{"start":{"line":12,"column":2},"end":{"line":12,"column":null}},"6":{"start":{"line":15,"column":2},"end":{"line":15,"column":null}},"7":{"start":{"line":22,"column":2},"end":{"line":22,"column":null}},"8":{"start":{"line":25,"column":2},"end":{"line":25,"column":null}},"9":{"start":{"line":28,"column":2},"end":{"line":28,"column":null}},"10":{"start":{"line":31,"column":2},"end":{"line":31,"column":null}},"11":{"start":{"line":34,"column":2},"end":{"line":34,"column":null}},"12":{"start":{"line":37,"column":2},"end":{"line":37,"column":null}},"13":{"start":{"line":40,"column":2},"end":{"line":40,"column":null}},"14":{"start":{"line":43,"column":2},"end":{"line":43,"column":null}},"15":{"start":{"line":46,"column":2},"end":{"line":46,"column":null}},"16":{"start":{"line":49,"column":2},"end":{"line":49,"column":null}},"17":{"start":{"line":7,"column":13},"end":{"line":50,"column":null}},"18":{"start":{"line":52,"column":13},"end":{"line":52,"column":61}},"19":{"start":{"line":57,"column":7},"end":{"line":87,"column":null}},"20":{"start":{"line":57,"column":13},"end":{"line":57,"column":24}},"21":{"start":{"line":59,"column":2},"end":{"line":59,"column":null}},"22":{"start":{"line":62,"column":2},"end":{"line":62,"column":null}},"23":{"start":{"line":65,"column":2},"end":{"line":65,"column":null}},"24":{"start":{"line":68,"column":2},"end":{"line":68,"column":null}},"25":{"start":{"line":71,"column":2},"end":{"line":71,"column":null}},"26":{"start":{"line":74,"column":2},"end":{"line":74,"column":null}},"27":{"start":{"line":77,"column":2},"end":{"line":77,"column":null}},"28":{"start":{"line":80,"column":2},"end":{"line":80,"column":null}},"29":{"start":{"line":83,"column":2},"end":{"line":83,"column":null}},"30":{"start":{"line":86,"column":2},"end":{"line":86,"column":null}},"31":{"start":{"line":57,"column":13},"end":{"line":87,"column":null}},"32":{"start":{"line":89,"column":13},"end":{"line":89,"column":75}}},"fnMap":{},"branchMap":{},"s":{"0":0,"1":0,"2":0,"3":0,"4":0,"5":0,"6":0,"7":0,"8":0,"9":0,"10":0,"11":0,"12":0,"13":0,"14":0,"15":0,"16":0,"17":0,"18":0,"19":0,"20":0,"21":0,"22":0,"23":0,"24":0,"25":0,"26":0,"27":0,"28":0,"29":0,"30":0,"31":0,"32":0},"f":{},"b":{}}
,"/Users/oyekunle/Documents/Obiren/apps/api/src/health/health.controller.ts": {"path":"/Users/oyekunle/Documents/Obiren/apps/api/src/health/health.controller.ts","statementMap":{"0":{"start":{"line":1,"column":0},"end":{"line":1,"column":49}},"1":{"start":{"line":4,"column":7},"end":{"line":18,"column":null}},"2":{"start":{"line":7,"column":4},"end":{"line":16,"column":6}},"3":{"start":{"line":4,"column":13},"end":{"line":4,"column":29}},"4":{"start":{"line":6,"column":2},"end":{"line":17,"column":null}},"5":{"start":{"line":4,"column":13},"end":{"line":18,"column":null}}},"fnMap":{"0":{"name":"(anonymous_2)","decl":{"start":{"line":6,"column":2},"end":{"line":6,"column":13}},"loc":{"start":{"line":6,"column":13},"end":{"line":17,"column":3}}}},"branchMap":{},"s":{"0":0,"1":0,"2":0,"3":0,"4":0,"5":0},"f":{"0":0},"b":{}}
,"/Users/oyekunle/Documents/Obiren/apps/api/src/health/health.module.ts": {"path":"/Users/oyekunle/Documents/Obiren/apps/api/src/health/health.module.ts","statementMap":{"0":{"start":{"line":1,"column":0},"end":{"line":1,"column":40}},"1":{"start":{"line":2,"column":0},"end":{"line":2,"column":55}},"2":{"start":{"line":7,"column":7},"end":{"line":7,"column":null}},"3":{"start":{"line":7,"column":13},"end":{"line":7,"column":25}},"4":{"start":{"line":7,"column":13},"end":{"line":7,"column":null}}},"fnMap":{},"branchMap":{},"s":{"0":0,"1":0,"2":0,"3":0,"4":0},"f":{},"b":{}}
,"/Users/oyekunle/Documents/Obiren/apps/api/src/modules/admin/admin.controller.ts": {"path":"/Users/oyekunle/Documents/Obiren/apps/api/src/modules/admin/admin.controller.ts","statementMap":{"0":{"start":{"line":1,"column":0},"end":{"line":1,"column":65}},"1":{"start":{"line":2,"column":0},"end":{"line":2,"column":47}},"2":{"start":{"line":3,"column":0},"end":{"line":3,"column":66}},"3":{"start":{"line":4,"column":0},"end":{"line":4,"column":61}},"4":{"start":{"line":5,"column":0},"end":{"line":5,"column":64}},"5":{"start":{"line":9,"column":7},"end":{"line":23,"column":null}},"6":{"start":{"line":10,"column":31},"end":{"line":10,"column":45}},"7":{"start":{"line":15,"column":4},"end":{"line":15,"column":50}},"8":{"start":{"line":21,"column":4},"end":{"line":21,"column":52}},"9":{"start":{"line":9,"column":13},"end":{"line":9,"column":28}},"10":{"start":{"line":14,"column":8},"end":{"line":16,"column":null}},"11":{"start":{"line":20,"column":8},"end":{"line":22,"column":null}},"12":{"start":{"line":9,"column":13},"end":{"line":23,"column":null}}},"fnMap":{"0":{"name":"(anonymous_4)","decl":{"start":{"line":10,"column":2},"end":{"line":10,"column":31}},"loc":{"start":{"line":10,"column":57},"end":{"line":10,"column":61}}},"1":{"name":"(anonymous_5)","decl":{"start":{"line":14,"column":2},"end":{"line":14,"column":7}},"loc":{"start":{"line":14,"column":34},"end":{"line":16,"column":3}}},"2":{"name":"(anonymous_6)","decl":{"start":{"line":20,"column":2},"end":{"line":20,"column":7}},"loc":{"start":{"line":20,"column":36},"end":{"line":22,"column":3}}}},"branchMap":{},"s":{"0":0,"1":0,"2":0,"3":0,"4":0,"5":0,"6":0,"7":0,"8":0,"9":0,"10":0,"11":0,"12":0},"f":{"0":0,"1":0,"2":0},"b":{}}
,"/Users/oyekunle/Documents/Obiren/apps/api/src/modules/admin/admin.module.ts": {"path":"/Users/oyekunle/Documents/Obiren/apps/api/src/modules/admin/admin.module.ts","statementMap":{"0":{"start":{"line":1,"column":0},"end":{"line":1,"column":40}},"1":{"start":{"line":2,"column":0},"end":{"line":2,"column":50}},"2":{"start":{"line":3,"column":0},"end":{"line":3,"column":53}},"3":{"start":{"line":4,"column":0},"end":{"line":4,"column":47}},"4":{"start":{"line":5,"column":0},"end":{"line":5,"column":83}},"5":{"start":{"line":6,"column":0},"end":{"line":6,"column":70}},"6":{"start":{"line":7,"column":0},"end":{"line":7,"column":85}},"7":{"start":{"line":8,"column":0},"end":{"line":8,"column":99}},"8":{"start":{"line":9,"column":0},"end":{"line":9,"column":49}},"9":{"start":{"line":25,"column":7},"end":{"line":25,"column":null}},"10":{"start":{"line":25,"column":13},"end":{"line":25,"column":24}},"11":{"start":{"line":25,"column":13},"end":{"line":25,"column":null}}},"fnMap":{},"branchMap":{},"s":{"0":0,"1":0,"2":0,"3":0,"4":0,"5":0,"6":0,"7":0,"8":0,"9":0,"10":0,"11":0},"f":{},"b":{}}
,"/Users/oyekunle/Documents/Obiren/apps/api/src/modules/admin/admin.service.ts": {"path":"/Users/oyekunle/Documents/Obiren/apps/api/src/modules/admin/admin.service.ts","statementMap":{"0":{"start":{"line":1,"column":0},"end":{"line":1,"column":64}},"1":{"start":{"line":2,"column":0},"end":{"line":2,"column":47}},"2":{"start":{"line":3,"column":0},"end":{"line":3,"column":40}},"3":{"start":{"line":4,"column":0},"end":{"line":4,"column":85}},"4":{"start":{"line":5,"column":0},"end":{"line":5,"column":72}},"5":{"start":{"line":6,"column":0},"end":{"line":6,"column":87}},"6":{"start":{"line":7,"column":0},"end":{"line":7,"column":101}},"7":{"start":{"line":10,"column":7},"end":{"line":73,"column":null}},"8":{"start":{"line":12,"column":40},"end":{"line":12,"column":55}},"9":{"start":{"line":13,"column":36},"end":{"line":13,"column":47}},"10":{"start":{"line":14,"column":41},"end":{"line":14,"column":57}},"11":{"start":{"line":15,"column":48},"end":{"line":15,"column":64}},"12":{"start":{"line":20,"column":4},"end":{"line":22,"column":5}},"13":{"start":{"line":21,"column":6},"end":{"line":21,"column":82}},"14":{"start":{"line":24,"column":23},"end":{"line":24,"column":60}},"15":{"start":{"line":25,"column":30},"end":{"line":25,"column":92}},"16":{"start":{"line":26,"column":39},"end":{"line":26,"column":123}},"17":{"start":{"line":29,"column":23},"end":{"line":31,"column":6}},"18":{"start":{"line":33,"column":50},"end":{"line":33,"column":52}},"19":{"start":{"line":34,"column":4},"end":{"line":36,"column":7}},"20":{"start":{"line":35,"column":6},"end":{"line":35,"column":51}},"21":{"start":{"line":38,"column":4},"end":{"line":47,"column":6}},"22":{"start":{"line":51,"column":4},"end":{"line":53,"column":5}},"23":{"start":{"line":52,"column":6},"end":{"line":52,"column":99}},"24":{"start":{"line":55,"column":17},"end":{"line":55,"column":90}},"25":{"start":{"line":56,"column":4},"end":{"line":60,"column":6}},"26":{"start":{"line":64,"column":4},"end":{"line":71,"column":7}},"27":{"start":{"line":10,"column":13},"end":{"line":10,"column":25}},"28":{"start":{"line":10,"column":13},"end":{"line":73,"column":null}}},"fnMap":{"0":{"name":"(anonymous_4)","decl":{"start":{"line":11,"column":2},"end":{"line":11,"column":null}},"loc":{"start":{"line":15,"column":95},"end":{"line":16,"column":6}}},"1":{"name":"(anonymous_5)","decl":{"start":{"line":19,"column":2},"end":{"line":19,"column":7}},"loc":{"start":{"line":19,"column":33},"end":{"line":48,"column":3}}},"2":{"name":"(anonymous_6)","decl":{"start":{"line":34,"column":23},"end":{"line":34,"column":24}},"loc":{"start":{"line":34,"column":29},"end":{"line":36,"column":5}}},"3":{"name":"(anonymous_7)","decl":{"start":{"line":50,"column":2},"end":{"line":50,"column":7}},"loc":{"start":{"line":50,"column":35},"end":{"line":61,"column":3}}},"4":{"name":"(anonymous_8)","decl":{"start":{"line":63,"column":2},"end":{"line":63,"column":7}},"loc":{"start":{"line":63,"column":114},"end":{"line":72,"column":3}}}},"branchMap":{"0":{"loc":{"start":{"line":20,"column":4},"end":{"line":22,"column":5}},"type":"if","locations":[{"start":{"line":20,"column":4},"end":{"line":22,"column":5}}]},"1":{"loc":{"start":{"line":20,"column":8},"end":{"line":20,"column":95}},"type":"binary-expr","locations":[{"start":{"line":20,"column":8},"end":{"line":20,"column":48}},{"start":{"line":20,"column":52},"end":{"line":20,"column":95}}]},"2":{"loc":{"start":{"line":51,"column":4},"end":{"line":53,"column":5}},"type":"if","locations":[{"start":{"line":51,"column":4},"end":{"line":53,"column":5}}]},"3":{"loc":{"start":{"line":51,"column":8},"end":{"line":51,"column":99}},"type":"binary-expr","locations":[{"start":{"line":51,"column":8},"end":{"line":51,"column":48}},{"start":{"line":51,"column":52},"end":{"line":51,"column":99}}]}},"s":{"0":0,"1":0,"2":0,"3":0,"4":0,"5":0,"6":0,"7":0,"8":0,"9":0,"10":0,"11":0,"12":0,"13":0,"14":0,"15":0,"16":0,"17":0,"18":0,"19":0,"20":0,"21":0,"22":0,"23":0,"24":0,"25":0,"26":0,"27":0,"28":0},"f":{"0":0,"1":0,"2":0,"3":0,"4":0},"b":{"0":[0],"1":[0,0],"2":[0],"3":[0,0]}}
,"/Users/oyekunle/Documents/Obiren/apps/api/src/modules/auth/auth.controller.ts": {"path":"/Users/oyekunle/Documents/Obiren/apps/api/src/modules/auth/auth.controller.ts","statementMap":{"0":{"start":{"line":1,"column":0},"end":{"line":1,"column":99}},"1":{"start":{"line":2,"column":0},"end":{"line":2,"column":45}},"2":{"start":{"line":3,"column":0},"end":{"line":3,"column":66}},"3":{"start":{"line":6,"column":7},"end":{"line":37,"column":null}},"4":{"start":{"line":7,"column":31},"end":{"line":7,"column":44}},"5":{"start":{"line":11,"column":4},"end":{"line":11,"column":43}},"6":{"start":{"line":17,"column":4},"end":{"line":17,"column":40}},"7":{"start":{"line":23,"column":4},"end":{"line":23,"column":60}},"8":{"start":{"line":29,"column":4},"end":{"line":29,"column":54}},"9":{"start":{"line":35,"column":4},"end":{"line":35,"column":54}},"10":{"start":{"line":6,"column":13},"end":{"line":6,"column":27}},"11":{"start":{"line":10,"column":8},"end":{"line":12,"column":null}},"12":{"start":{"line":16,"column":8},"end":{"line":18,"column":null}},"13":{"start":{"line":22,"column":8},"end":{"line":24,"column":null}},"14":{"start":{"line":28,"column":8},"end":{"line":30,"column":null}},"15":{"start":{"line":34,"column":8},"end":{"line":36,"column":null}},"16":{"start":{"line":6,"column":13},"end":{"line":37,"column":null}}},"fnMap":{"0":{"name":"(anonymous_4)","decl":{"start":{"line":7,"column":2},"end":{"line":7,"column":31}},"loc":{"start":{"line":7,"column":55},"end":{"line":7,"column":59}}},"1":{"name":"(anonymous_5)","decl":{"start":{"line":10,"column":2},"end":{"line":10,"column":7}},"loc":{"start":{"line":10,"column":34},"end":{"line":12,"column":3}}},"2":{"name":"(anonymous_6)","decl":{"start":{"line":16,"column":2},"end":{"line":16,"column":7}},"loc":{"start":{"line":16,"column":31},"end":{"line":18,"column":3}}},"3":{"name":"(anonymous_7)","decl":{"start":{"line":22,"column":2},"end":{"line":22,"column":7}},"loc":{"start":{"line":22,"column":33},"end":{"line":24,"column":3}}},"4":{"name":"(anonymous_8)","decl":{"start":{"line":28,"column":2},"end":{"line":28,"column":7}},"loc":{"start":{"line":28,"column":32},"end":{"line":30,"column":3}}},"5":{"name":"(anonymous_9)","decl":{"start":{"line":34,"column":2},"end":{"line":34,"column":7}},"loc":{"start":{"line":34,"column":35},"end":{"line":36,"column":3}}}},"branchMap":{},"s":{"0":0,"1":0,"2":0,"3":0,"4":0,"5":0,"6":0,"7":0,"8":0,"9":0,"10":0,"11":0,"12":0,"13":0,"14":0,"15":0,"16":0},"f":{"0":0,"1":0,"2":0,"3":0,"4":0,"5":0},"b":{}}
,"/Users/oyekunle/Documents/Obiren/apps/api/src/modules/auth/auth.module.ts": {"path":"/Users/oyekunle/Documents/Obiren/apps/api/src/modules/auth/auth.module.ts","statementMap":{"0":{"start":{"line":1,"column":0},"end":{"line":1,"column":40}},"1":{"start":{"line":2,"column":0},"end":{"line":2,"column":50}},"2":{"start":{"line":3,"column":0},"end":{"line":3,"column":40}},"3":{"start":{"line":4,"column":0},"end":{"line":4,"column":51}},"4":{"start":{"line":5,"column":0},"end":{"line":5,"column":45}},"5":{"start":{"line":6,"column":0},"end":{"line":6,"column":102}},"6":{"start":{"line":7,"column":0},"end":{"line":7,"column":79}},"7":{"start":{"line":25,"column":7},"end":{"line":25,"column":null}},"8":{"start":{"line":25,"column":13},"end":{"line":25,"column":23}},"9":{"start":{"line":25,"column":13},"end":{"line":25,"column":null}}},"fnMap":{},"branchMap":{"0":{"loc":{"start":{"line":17,"column":14},"end":{"line":17,"column":94}},"type":"binary-expr","locations":[{"start":{"line":17,"column":14},"end":{"line":17,"column":43}},{"start":{"line":17,"column":47},"end":{"line":17,"column":94}}]}},"s":{"0":0,"1":0,"2":0,"3":0,"4":0,"5":0,"6":0,"7":0,"8":0,"9":0},"f":{},"b":{"0":[0,0]}}
,"/Users/oyekunle/Documents/Obiren/apps/api/src/modules/auth/auth.service.ts": {"path":"/Users/oyekunle/Documents/Obiren/apps/api/src/modules/auth/auth.service.ts","statementMap":{"0":{"start":{"line":1,"column":0},"end":{"line":1,"column":88}},"1":{"start":{"line":2,"column":0},"end":{"line":2,"column":47}},"2":{"start":{"line":3,"column":0},"end":{"line":3,"column":40}},"3":{"start":{"line":4,"column":0},"end":{"line":4,"column":41}},"4":{"start":{"line":5,"column":0},"end":{"line":5,"column":33}},"5":{"start":{"line":6,"column":0},"end":{"line":6,"column":33}},"6":{"start":{"line":7,"column":0},"end":{"line":7,"column":106}},"7":{"start":{"line":8,"column":0},"end":{"line":8,"column":81}},"8":{"start":{"line":11,"column":7},"end":{"line":187,"column":null}},"9":{"start":{"line":13,"column":36},"end":{"line":13,"column":47}},"10":{"start":{"line":14,"column":43},"end":{"line":14,"column":61}},"11":{"start":{"line":15,"column":39},"end":{"line":15,"column":53}},"12":{"start":{"line":16,"column":12},"end":{"line":16,"column":24}},"13":{"start":{"line":20,"column":4},"end":{"line":20,"column":67}},"14":{"start":{"line":24,"column":22},"end":{"line":24,"column":52}},"15":{"start":{"line":25,"column":21},"end":{"line":25,"column":81}},"16":{"start":{"line":26,"column":4},"end":{"line":28,"column":5}},"17":{"start":{"line":27,"column":6},"end":{"line":27,"column":75}},"18":{"start":{"line":31,"column":25},"end":{"line":31,"column":83}},"19":{"start":{"line":33,"column":17},"end":{"line":40,"column":6}},"20":{"start":{"line":42,"column":4},"end":{"line":48,"column":7}},"21":{"start":{"line":50,"column":4},"end":{"line":59,"column":6}},"22":{"start":{"line":63,"column":22},"end":{"line":63,"column":52}},"23":{"start":{"line":64,"column":17},"end":{"line":64,"column":77}},"24":{"start":{"line":66,"column":4},"end":{"line":74,"column":5}},"25":{"start":{"line":67,"column":6},"end":{"line":73,"column":9}},"26":{"start":{"line":77,"column":24},"end":{"line":79,"column":null}},"27":{"start":{"line":82,"column":28},"end":{"line":82,"column":66}},"28":{"start":{"line":83,"column":29},"end":{"line":83,"column":60}},"29":{"start":{"line":85,"column":22},"end":{"line":85,"column":69}},"30":{"start":{"line":87,"column":4},"end":{"line":92,"column":7}},"31":{"start":{"line":94,"column":4},"end":{"line":94,"column":34}},"32":{"start":{"line":95,"column":4},"end":{"line":95,"column":22}},"33":{"start":{"line":97,"column":4},"end":{"line":114,"column":6}},"34":{"start":{"line":118,"column":22},"end":{"line":118,"column":46}},"35":{"start":{"line":119,"column":20},"end":{"line":119,"column":84}},"36":{"start":{"line":121,"column":4},"end":{"line":123,"column":5}},"37":{"start":{"line":122,"column":6},"end":{"line":122,"column":63}},"38":{"start":{"line":126,"column":4},"end":{"line":129,"column":5}},"39":{"start":{"line":127,"column":6},"end":{"line":127,"column":149}},"40":{"start":{"line":128,"column":6},"end":{"line":128,"column":101}},"41":{"start":{"line":131,"column":4},"end":{"line":133,"column":5}},"42":{"start":{"line":132,"column":6},"end":{"line":132,"column":67}},"43":{"start":{"line":135,"column":17},"end":{"line":135,"column":62}},"44":{"start":{"line":136,"column":4},"end":{"line":138,"column":5}},"45":{"start":{"line":137,"column":6},"end":{"line":137,"column":64}},"46":{"start":{"line":141,"column":31},"end":{"line":141,"column":69}},"47":{"start":{"line":142,"column":20},"end":{"line":142,"column":54}},"48":{"start":{"line":144,"column":4},"end":{"line":144,"column":35}},"49":{"start":{"line":145,"column":4},"end":{"line":145,"column":37}},"50":{"start":{"line":146,"column":4},"end":{"line":146,"column":25}},"51":{"start":{"line":148,"column":23},"end":{"line":153,"column":6}},"52":{"start":{"line":155,"column":24},"end":{"line":157,"column":null}},"53":{"start":{"line":160,"column":4},"end":{"line":167,"column":6}},"54":{"start":{"line":171,"column":22},"end":{"line":171,"column":46}},"55":{"start":{"line":172,"column":4},"end":{"line":175,"column":6}},"56":{"start":{"line":176,"column":4},"end":{"line":176,"column":73}},"57":{"start":{"line":180,"column":21},"end":{"line":180,"column":96}},"58":{"start":{"line":181,"column":4},"end":{"line":185,"column":6}},"59":{"start":{"line":11,"column":13},"end":{"line":11,"column":24}},"60":{"start":{"line":11,"column":13},"end":{"line":187,"column":null}}},"fnMap":{"0":{"name":"(anonymous_4)","decl":{"start":{"line":12,"column":2},"end":{"line":12,"column":null}},"loc":{"start":{"line":16,"column":34},"end":{"line":17,"column":6}}},"1":{"name":"(anonymous_5)","decl":{"start":{"line":19,"column":10},"end":{"line":19,"column":19}},"loc":{"start":{"line":19,"column":33},"end":{"line":21,"column":3}}},"2":{"name":"(anonymous_6)","decl":{"start":{"line":23,"column":2},"end":{"line":23,"column":7}},"loc":{"start":{"line":23,"column":25},"end":{"line":60,"column":3}}},"3":{"name":"(anonymous_7)","decl":{"start":{"line":62,"column":2},"end":{"line":62,"column":7}},"loc":{"start":{"line":62,"column":22},"end":{"line":115,"column":3}}},"4":{"name":"(anonymous_8)","decl":{"start":{"line":117,"column":2},"end":{"line":117,"column":7}},"loc":{"start":{"line":117,"column":37},"end":{"line":168,"column":3}}},"5":{"name":"(anonymous_9)","decl":{"start":{"line":170,"column":2},"end":{"line":170,"column":7}},"loc":{"start":{"line":170,"column":31},"end":{"line":177,"column":3}}},"6":{"name":"(anonymous_10)","decl":{"start":{"line":179,"column":2},"end":{"line":179,"column":7}},"loc":{"start":{"line":179,"column":34},"end":{"line":186,"column":3}}}},"branchMap":{"0":{"loc":{"start":{"line":26,"column":4},"end":{"line":28,"column":5}},"type":"if","locations":[{"start":{"line":26,"column":4},"end":{"line":28,"column":5}}]},"1":{"loc":{"start":{"line":39,"column":19},"end":{"line":39,"column":42}},"type":"binary-expr","locations":[{"start":{"line":39,"column":19},"end":{"line":39,"column":34}},{"start":{"line":39,"column":38},"end":{"line":39,"column":42}}]},"2":{"loc":{"start":{"line":44,"column":17},"end":{"line":44,"column":36}},"type":"binary-expr","locations":[{"start":{"line":44,"column":17},"end":{"line":44,"column":30}},{"start":{"line":44,"column":34},"end":{"line":44,"column":36}}]},"3":{"loc":{"start":{"line":45,"column":16},"end":{"line":45,"column":34}},"type":"binary-expr","locations":[{"start":{"line":45,"column":16},"end":{"line":45,"column":28}},{"start":{"line":45,"column":32},"end":{"line":45,"column":34}}]},"4":{"loc":{"start":{"line":46,"column":19},"end":{"line":46,"column":61}},"type":"binary-expr","locations":[{"start":{"line":46,"column":19},"end":{"line":46,"column":34}},{"start":{"line":46,"column":38},"end":{"line":46,"column":61}}]},"5":{"loc":{"start":{"line":47,"column":19},"end":{"line":47,"column":42}},"type":"binary-expr","locations":[{"start":{"line":47,"column":19},"end":{"line":47,"column":34}},{"start":{"line":47,"column":38},"end":{"line":47,"column":42}}]},"6":{"loc":{"start":{"line":66,"column":4},"end":{"line":74,"column":5}},"type":"if","locations":[{"start":{"line":66,"column":4},"end":{"line":74,"column":5}}]},"7":{"loc":{"start":{"line":66,"column":8},"end":{"line":66,"column":72}},"type":"binary-expr","locations":[{"start":{"line":66,"column":8},"end":{"line":66,"column":13}},{"start":{"line":66,"column":17},"end":{"line":66,"column":72}}]},"8":{"loc":{"start":{"line":79,"column":16},"end":{"line":79,"column":96}},"type":"binary-expr","locations":[{"start":{"line":79,"column":16},"end":{"line":79,"column":45}},{"start":{"line":79,"column":49},"end":{"line":79,"column":96}}]},"9":{"loc":{"start":{"line":90,"column":16},"end":{"line":90,"column":37}},"type":"binary-expr","locations":[{"start":{"line":90,"column":16},"end":{"line":90,"column":28}},{"start":{"line":90,"column":32},"end":{"line":90,"column":37}}]},"10":{"loc":{"start":{"line":121,"column":4},"end":{"line":123,"column":5}},"type":"if","locations":[{"start":{"line":121,"column":4},"end":{"line":123,"column":5}}]},"11":{"loc":{"start":{"line":126,"column":4},"end":{"line":129,"column":5}},"type":"if","locations":[{"start":{"line":126,"column":4},"end":{"line":129,"column":5}}]},"12":{"loc":{"start":{"line":131,"column":4},"end":{"line":133,"column":5}},"type":"if","locations":[{"start":{"line":131,"column":4},"end":{"line":133,"column":5}}]},"13":{"loc":{"start":{"line":136,"column":4},"end":{"line":138,"column":5}},"type":"if","locations":[{"start":{"line":136,"column":4},"end":{"line":138,"column":5}}]},"14":{"loc":{"start":{"line":157,"column":16},"end":{"line":157,"column":96}},"type":"binary-expr","locations":[{"start":{"line":157,"column":16},"end":{"line":157,"column":45}},{"start":{"line":157,"column":49},"end":{"line":157,"column":96}}]}},"s":{"0":0,"1":0,"2":0,"3":0,"4":0,"5":0,"6":0,"7":0,"8":0,"9":0,"10":0,"11":0,"12":0,"13":0,"14":0,"15":0,"16":0,"17":0,"18":0,"19":0,"20":0,"21":0,"22":0,"23":0,"24":0,"25":0,"26":0,"27":0,"28":0,"29":0,"30":0,"31":0,"32":0,"33":0,"34":0,"35":0,"36":0,"37":0,"38":0,"39":0,"40":0,"41":0,"42":0,"43":0,"44":0,"45":0,"46":0,"47":0,"48":0,"49":0,"50":0,"51":0,"52":0,"53":0,"54":0,"55":0,"56":0,"57":0,"58":0,"59":0,"60":0},"f":{"0":0,"1":0,"2":0,"3":0,"4":0,"5":0,"6":0},"b":{"0":[0],"1":[0,0],"2":[0,0],"3":[0,0],"4":[0,0],"5":[0,0],"6":[0],"7":[0,0],"8":[0,0],"9":[0,0],"10":[0],"11":[0],"12":[0],"13":[0],"14":[0,0]}}
,"/Users/oyekunle/Documents/Obiren/apps/api/src/modules/cycles/cycles.controller.ts": {"path":"/Users/oyekunle/Documents/Obiren/apps/api/src/modules/cycles/cycles.controller.ts","statementMap":{"0":{"start":{"line":1,"column":0},"end":{"line":1,"column":89}},"1":{"start":{"line":2,"column":0},"end":{"line":2,"column":49}},"2":{"start":{"line":3,"column":0},"end":{"line":3,"column":66}},"3":{"start":{"line":7,"column":7},"end":{"line":29,"column":null}},"4":{"start":{"line":8,"column":31},"end":{"line":8,"column":46}},"5":{"start":{"line":12,"column":4},"end":{"line":12,"column":60}},"6":{"start":{"line":17,"column":4},"end":{"line":17,"column":60}},"7":{"start":{"line":22,"column":4},"end":{"line":22,"column":67}},"8":{"start":{"line":27,"column":4},"end":{"line":27,"column":65}},"9":{"start":{"line":7,"column":13},"end":{"line":7,"column":29}},"10":{"start":{"line":11,"column":8},"end":{"line":13,"column":null}},"11":{"start":{"line":16,"column":8},"end":{"line":18,"column":null}},"12":{"start":{"line":21,"column":8},"end":{"line":23,"column":null}},"13":{"start":{"line":26,"column":8},"end":{"line":28,"column":null}},"14":{"start":{"line":7,"column":13},"end":{"line":29,"column":null}},"15":{"start":{"line":33,"column":7},"end":{"line":45,"column":null}},"16":{"start":{"line":34,"column":31},"end":{"line":34,"column":46}},"17":{"start":{"line":38,"column":4},"end":{"line":38,"column":62}},"18":{"start":{"line":43,"column":4},"end":{"line":43,"column":71}},"19":{"start":{"line":33,"column":13},"end":{"line":33,"column":32}},"20":{"start":{"line":37,"column":8},"end":{"line":39,"column":null}},"21":{"start":{"line":42,"column":8},"end":{"line":44,"column":null}},"22":{"start":{"line":33,"column":13},"end":{"line":45,"column":null}}},"fnMap":{"0":{"name":"(anonymous_4)","decl":{"start":{"line":8,"column":2},"end":{"line":8,"column":31}},"loc":{"start":{"line":8,"column":59},"end":{"line":8,"column":63}}},"1":{"name":"(anonymous_5)","decl":{"start":{"line":11,"column":2},"end":{"line":11,"column":7}},"loc":{"start":{"line":11,"column":39},"end":{"line":13,"column":3}}},"2":{"name":"(anonymous_6)","decl":{"start":{"line":16,"column":2},"end":{"line":16,"column":7}},"loc":{"start":{"line":16,"column":39},"end":{"line":18,"column":3}}},"3":{"name":"(anonymous_7)","decl":{"start":{"line":21,"column":2},"end":{"line":21,"column":7}},"loc":{"start":{"line":21,"column":54},"end":{"line":23,"column":3}}},"4":{"name":"(anonymous_8)","decl":{"start":{"line":26,"column":2},"end":{"line":26,"column":7}},"loc":{"start":{"line":26,"column":52},"end":{"line":28,"column":3}}},"5":{"name":"(anonymous_9)","decl":{"start":{"line":34,"column":2},"end":{"line":34,"column":31}},"loc":{"start":{"line":34,"column":59},"end":{"line":34,"column":63}}},"6":{"name":"(anonymous_10)","decl":{"start":{"line":37,"column":2},"end":{"line":37,"column":7}},"loc":{"start":{"line":37,"column":64},"end":{"line":39,"column":3}}},"7":{"name":"(anonymous_11)","decl":{"start":{"line":42,"column":2},"end":{"line":42,"column":7}},"loc":{"start":{"line":42,"column":86},"end":{"line":44,"column":3}}}},"branchMap":{},"s":{"0":0,"1":0,"2":0,"3":0,"4":0,"5":0,"6":0,"7":0,"8":0,"9":0,"10":0,"11":0,"12":0,"13":0,"14":0,"15":0,"16":0,"17":0,"18":0,"19":0,"20":0,"21":0,"22":0},"f":{"0":0,"1":0,"2":0,"3":0,"4":0,"5":0,"6":0,"7":0},"b":{}}
,"/Users/oyekunle/Documents/Obiren/apps/api/src/modules/cycles/cycles.module.ts": {"path":"/Users/oyekunle/Documents/Obiren/apps/api/src/modules/cycles/cycles.module.ts","statementMap":{"0":{"start":{"line":1,"column":0},"end":{"line":1,"column":40}},"1":{"start":{"line":2,"column":0},"end":{"line":2,"column":50}},"2":{"start":{"line":3,"column":0},"end":{"line":3,"column":76}},"3":{"start":{"line":4,"column":0},"end":{"line":4,"column":49}},"4":{"start":{"line":5,"column":0},"end":{"line":5,"column":99}},"5":{"start":{"line":6,"column":0},"end":{"line":6,"column":49}},"6":{"start":{"line":20,"column":7},"end":{"line":20,"column":null}},"7":{"start":{"line":20,"column":13},"end":{"line":20,"column":25}},"8":{"start":{"line":20,"column":13},"end":{"line":20,"column":null}}},"fnMap":{},"branchMap":{},"s":{"0":0,"1":0,"2":0,"3":0,"4":0,"5":0,"6":0,"7":0,"8":0},"f":{},"b":{}}
,"/Users/oyekunle/Documents/Obiren/apps/api/src/modules/cycles/cycles.service.ts": {"path":"/Users/oyekunle/Documents/Obiren/apps/api/src/modules/cycles/cycles.service.ts","statementMap":{"0":{"start":{"line":1,"column":0},"end":{"line":1,"column":63}},"1":{"start":{"line":2,"column":0},"end":{"line":2,"column":47}},"2":{"start":{"line":3,"column":0},"end":{"line":3,"column":40}},"3":{"start":{"line":4,"column":0},"end":{"line":4,"column":65}},"4":{"start":{"line":5,"column":0},"end":{"line":5,"column":103}},"5":{"start":{"line":8,"column":7},"end":{"line":169,"column":null}},"6":{"start":{"line":10,"column":37},"end":{"line":10,"column":49}},"7":{"start":{"line":11,"column":40},"end":{"line":11,"column":55}},"8":{"start":{"line":15,"column":24},"end":{"line":17,"column":30}},"9":{"start":{"line":19,"column":4},"end":{"line":25,"column":5}},"10":{"start":{"line":20,"column":6},"end":{"line":24,"column":8}},"11":{"start":{"line":27,"column":18},"end":{"line":27,"column":59}},"12":{"start":{"line":28,"column":16},"end":{"line":28,"column":36}},"13":{"start":{"line":29,"column":23},"end":{"line":29,"column":89}},"14":{"start":{"line":31,"column":4},"end":{"line":41,"column":6}},"15":{"start":{"line":45,"column":19},"end":{"line":48,"column":13}},"16":{"start":{"line":50,"column":4},"end":{"line":54,"column":6}},"17":{"start":{"line":58,"column":25},"end":{"line":58,"column":51}},"18":{"start":{"line":59,"column":22},"end":{"line":59,"column":62}},"19":{"start":{"line":60,"column":26},"end":{"line":60,"column":63}},"20":{"start":{"line":63,"column":28},"end":{"line":69,"column":6}},"21":{"start":{"line":71,"column":4},"end":{"line":77,"column":5}},"22":{"start":{"line":72,"column":6},"end":{"line":76,"column":8}},"23":{"start":{"line":80,"column":4},"end":{"line":83,"column":6}},"24":{"start":{"line":85,"column":21},"end":{"line":90,"column":6}},"25":{"start":{"line":93,"column":20},"end":{"line":96,"column":13}},"26":{"start":{"line":98,"column":28},"end":{"line":101,"column":7}},"27":{"start":{"line":98,"column":48},"end":{"line":101,"column":6}},"28":{"start":{"line":103,"column":23},"end":{"line":106,"column":6}},"29":{"start":{"line":108,"column":4},"end":{"line":115,"column":6}},"30":{"start":{"line":119,"column":25},"end":{"line":119,"column":51}},"31":{"start":{"line":120,"column":20},"end":{"line":120,"column":60}},"32":{"start":{"line":122,"column":24},"end":{"line":122,"column":97}},"33":{"start":{"line":123,"column":4},"end":{"line":125,"column":5}},"34":{"start":{"line":124,"column":6},"end":{"line":124,"column":73}},"35":{"start":{"line":127,"column":18},"end":{"line":127,"column":49}},"36":{"start":{"line":128,"column":16},"end":{"line":128,"column":33}},"37":{"start":{"line":129,"column":25},"end":{"line":129,"column":87}},"38":{"start":{"line":131,"column":4},"end":{"line":131,"column":40}},"39":{"start":{"line":132,"column":4},"end":{"line":132,"column":44}},"40":{"start":{"line":133,"column":4},"end":{"line":133,"column":29}},"41":{"start":{"line":135,"column":4},"end":{"line":139,"column":6}},"42":{"start":{"line":143,"column":16},"end":{"line":146,"column":6}},"43":{"start":{"line":148,"column":4},"end":{"line":152,"column":6}},"44":{"start":{"line":156,"column":25},"end":{"line":156,"column":51}},"45":{"start":{"line":157,"column":16},"end":{"line":160,"column":null}},"46":{"start":{"line":163,"column":4},"end":{"line":167,"column":6}},"47":{"start":{"line":8,"column":13},"end":{"line":8,"column":26}},"48":{"start":{"line":8,"column":13},"end":{"line":169,"column":null}}},"fnMap":{"0":{"name":"(anonymous_4)","decl":{"start":{"line":9,"column":2},"end":{"line":9,"column":null}},"loc":{"start":{"line":11,"column":78},"end":{"line":12,"column":6}}},"1":{"name":"(anonymous_5)","decl":{"start":{"line":14,"column":2},"end":{"line":14,"column":7}},"loc":{"start":{"line":14,"column":38},"end":{"line":42,"column":3}}},"2":{"name":"(anonymous_6)","decl":{"start":{"line":44,"column":2},"end":{"line":44,"column":7}},"loc":{"start":{"line":44,"column":38},"end":{"line":55,"column":3}}},"3":{"name":"(anonymous_7)","decl":{"start":{"line":57,"column":2},"end":{"line":57,"column":7}},"loc":{"start":{"line":57,"column":52},"end":{"line":116,"column":3}}},"4":{"name":"(anonymous_8)","decl":{"start":{"line":98,"column":40},"end":{"line":98,"column":41}},"loc":{"start":{"line":98,"column":48},"end":{"line":101,"column":6}}},"5":{"name":"(anonymous_9)","decl":{"start":{"line":118,"column":2},"end":{"line":118,"column":7}},"loc":{"start":{"line":118,"column":50},"end":{"line":140,"column":3}}},"6":{"name":"(anonymous_10)","decl":{"start":{"line":142,"column":2},"end":{"line":142,"column":7}},"loc":{"start":{"line":142,"column":48},"end":{"line":153,"column":3}}},"7":{"name":"(anonymous_11)","decl":{"start":{"line":155,"column":2},"end":{"line":155,"column":7}},"loc":{"start":{"line":155,"column":65},"end":{"line":168,"column":3}}}},"branchMap":{"0":{"loc":{"start":{"line":19,"column":4},"end":{"line":25,"column":5}},"type":"if","locations":[{"start":{"line":19,"column":4},"end":{"line":25,"column":5}}]},"1":{"loc":{"start":{"line":59,"column":22},"end":{"line":59,"column":62}},"type":"cond-expr","locations":[{"start":{"line":59,"column":32},"end":{"line":59,"column":49}},{"start":{"line":59,"column":52},"end":{"line":59,"column":62}}]},"2":{"loc":{"start":{"line":71,"column":4},"end":{"line":77,"column":5}},"type":"if","locations":[{"start":{"line":71,"column":4},"end":{"line":77,"column":5}}]},"3":{"loc":{"start":{"line":100,"column":21},"end":{"line":100,"column":82}},"type":"cond-expr","locations":[{"start":{"line":100,"column":33},"end":{"line":100,"column":70}},{"start":{"line":100,"column":73},"end":{"line":100,"column":82}}]},"4":{"loc":{"start":{"line":120,"column":20},"end":{"line":120,"column":60}},"type":"cond-expr","locations":[{"start":{"line":120,"column":30},"end":{"line":120,"column":47}},{"start":{"line":120,"column":50},"end":{"line":120,"column":60}}]},"5":{"loc":{"start":{"line":123,"column":4},"end":{"line":125,"column":5}},"type":"if","locations":[{"start":{"line":123,"column":4},"end":{"line":125,"column":5}}]},"6":{"loc":{"start":{"line":150,"column":12},"end":{"line":150,"column":81}},"type":"binary-expr","locations":[{"start":{"line":150,"column":12},"end":{"line":150,"column":15}},{"start":{"line":150,"column":19},"end":{"line":150,"column":81}}]}},"s":{"0":0,"1":0,"2":0,"3":0,"4":0,"5":0,"6":0,"7":0,"8":0,"9":0,"10":0,"11":0,"12":0,"13":0,"14":0,"15":0,"16":0,"17":0,"18":0,"19":0,"20":0,"21":0,"22":0,"23":0,"24":0,"25":0,"26":0,"27":0,"28":0,"29":0,"30":0,"31":0,"32":0,"33":0,"34":0,"35":0,"36":0,"37":0,"38":0,"39":0,"40":0,"41":0,"42":0,"43":0,"44":0,"45":0,"46":0,"47":0,"48":0},"f":{"0":0,"1":0,"2":0,"3":0,"4":0,"5":0,"6":0,"7":0},"b":{"0":[0],"1":[0,0],"2":[0],"3":[0,0],"4":[0,0],"5":[0],"6":[0,0]}}
,"/Users/oyekunle/Documents/Obiren/apps/api/src/modules/directory/directory.controller.ts": {"path":"/Users/oyekunle/Documents/Obiren/apps/api/src/modules/directory/directory.controller.ts","statementMap":{"0":{"start":{"line":1,"column":0},"end":{"line":1,"column":63}},"1":{"start":{"line":2,"column":0},"end":{"line":2,"column":62}},"2":{"start":{"line":5,"column":7},"end":{"line":22,"column":null}},"3":{"start":{"line":6,"column":31},"end":{"line":6,"column":49}},"4":{"start":{"line":10,"column":4},"end":{"line":10,"column":47}},"5":{"start":{"line":15,"column":4},"end":{"line":15,"column":59}},"6":{"start":{"line":20,"column":4},"end":{"line":20,"column":53}},"7":{"start":{"line":5,"column":13},"end":{"line":5,"column":32}},"8":{"start":{"line":9,"column":8},"end":{"line":11,"column":null}},"9":{"start":{"line":14,"column":8},"end":{"line":16,"column":null}},"10":{"start":{"line":19,"column":8},"end":{"line":21,"column":null}},"11":{"start":{"line":5,"column":13},"end":{"line":22,"column":null}}},"fnMap":{"0":{"name":"(anonymous_4)","decl":{"start":{"line":6,"column":2},"end":{"line":6,"column":31}},"loc":{"start":{"line":6,"column":72},"end":{"line":6,"column":76}}},"1":{"name":"(anonymous_5)","decl":{"start":{"line":9,"column":2},"end":{"line":9,"column":7}},"loc":{"start":{"line":9,"column":34},"end":{"line":11,"column":3}}},"2":{"name":"(anonymous_6)","decl":{"start":{"line":14,"column":2},"end":{"line":14,"column":7}},"loc":{"start":{"line":14,"column":60},"end":{"line":16,"column":3}}},"3":{"name":"(anonymous_7)","decl":{"start":{"line":19,"column":2},"end":{"line":19,"column":7}},"loc":{"start":{"line":19,"column":70},"end":{"line":21,"column":3}}}},"branchMap":{},"s":{"0":0,"1":0,"2":0,"3":0,"4":0,"5":0,"6":0,"7":0,"8":0,"9":0,"10":0,"11":0},"f":{"0":0,"1":0,"2":0,"3":0},"b":{}}
,"/Users/oyekunle/Documents/Obiren/apps/api/src/modules/directory/directory.module.ts": {"path":"/Users/oyekunle/Documents/Obiren/apps/api/src/modules/directory/directory.module.ts","statementMap":{"0":{"start":{"line":1,"column":0},"end":{"line":1,"column":40}},"1":{"start":{"line":2,"column":0},"end":{"line":2,"column":50}},"2":{"start":{"line":3,"column":0},"end":{"line":3,"column":61}},"3":{"start":{"line":4,"column":0},"end":{"line":4,"column":62}},"4":{"start":{"line":5,"column":0},"end":{"line":5,"column":99}},"5":{"start":{"line":15,"column":7},"end":{"line":15,"column":null}},"6":{"start":{"line":15,"column":13},"end":{"line":15,"column":28}},"7":{"start":{"line":15,"column":13},"end":{"line":15,"column":null}}},"fnMap":{},"branchMap":{},"s":{"0":0,"1":0,"2":0,"3":0,"4":0,"5":0,"6":0,"7":0},"f":{},"b":{}}
,"/Users/oyekunle/Documents/Obiren/apps/api/src/modules/directory/directory.service.ts": {"path":"/Users/oyekunle/Documents/Obiren/apps/api/src/modules/directory/directory.service.ts","statementMap":{"0":{"start":{"line":1,"column":0},"end":{"line":1,"column":58}},"1":{"start":{"line":2,"column":0},"end":{"line":2,"column":47}},"2":{"start":{"line":3,"column":0},"end":{"line":3,"column":33}},"3":{"start":{"line":4,"column":0},"end":{"line":4,"column":66}},"4":{"start":{"line":5,"column":0},"end":{"line":5,"column":101}},"5":{"start":{"line":8,"column":7},"end":{"line":100,"column":null}},"6":{"start":{"line":11,"column":12},"end":{"line":11,"column":28}},"7":{"start":{"line":15,"column":4},"end":{"line":15,"column":37}},"8":{"start":{"line":19,"column":18},"end":{"line":19,"column":60}},"9":{"start":{"line":20,"column":4},"end":{"line":31,"column":5}},"10":{"start":{"line":21,"column":6},"end":{"line":21,"column":81}},"11":{"start":{"line":22,"column":30},"end":{"line":28,"column":9}},"12":{"start":{"line":22,"column":69},"end":{"line":28,"column":8}},"13":{"start":{"line":29,"column":6},"end":{"line":29,"column":60}},"14":{"start":{"line":30,"column":6},"end":{"line":30,"column":77}},"15":{"start":{"line":35,"column":14},"end":{"line":35,"column":37}},"16":{"start":{"line":36,"column":24},"end":{"line":36,"column":42}},"17":{"start":{"line":38,"column":24},"end":{"line":38,"column":26}},"18":{"start":{"line":39,"column":4},"end":{"line":41,"column":5}},"19":{"start":{"line":40,"column":6},"end":{"line":40,"column":39}},"20":{"start":{"line":43,"column":4},"end":{"line":49,"column":5}},"21":{"start":{"line":44,"column":6},"end":{"line":48,"column":8}},"22":{"start":{"line":51,"column":20},"end":{"line":51,"column":65}},"23":{"start":{"line":53,"column":4},"end":{"line":60,"column":6}},"24":{"start":{"line":64,"column":18},"end":{"line":64,"column":76}},"25":{"start":{"line":65,"column":4},"end":{"line":69,"column":6}},"26":{"start":{"line":73,"column":4},"end":{"line":80,"column":5}},"27":{"start":{"line":74,"column":23},"end":{"line":74,"column":72}},"28":{"start":{"line":75,"column":6},"end":{"line":79,"column":8}},"29":{"start":{"line":83,"column":20},"end":{"line":92,"column":13}},"30":{"start":{"line":94,"column":4},"end":{"line":98,"column":6}},"31":{"start":{"line":8,"column":13},"end":{"line":8,"column":36}},"32":{"start":{"line":8,"column":13},"end":{"line":100,"column":null}}},"fnMap":{"0":{"name":"(anonymous_4)","decl":{"start":{"line":9,"column":2},"end":{"line":9,"column":null}},"loc":{"start":{"line":11,"column":59},"end":{"line":12,"column":6}}},"1":{"name":"(anonymous_5)","decl":{"start":{"line":14,"column":2},"end":{"line":14,"column":7}},"loc":{"start":{"line":14,"column":20},"end":{"line":16,"column":3}}},"2":{"name":"(anonymous_6)","decl":{"start":{"line":18,"column":2},"end":{"line":18,"column":7}},"loc":{"start":{"line":18,"column":27},"end":{"line":32,"column":3}}},"3":{"name":"(anonymous_7)","decl":{"start":{"line":22,"column":61},"end":{"line":22,"column":62}},"loc":{"start":{"line":22,"column":69},"end":{"line":28,"column":8}}},"4":{"name":"(anonymous_8)","decl":{"start":{"line":34,"column":2},"end":{"line":34,"column":7}},"loc":{"start":{"line":34,"column":26},"end":{"line":61,"column":3}}},"5":{"name":"(anonymous_9)","decl":{"start":{"line":63,"column":2},"end":{"line":63,"column":7}},"loc":{"start":{"line":63,"column":39},"end":{"line":70,"column":3}}},"6":{"name":"(anonymous_10)","decl":{"start":{"line":72,"column":2},"end":{"line":72,"column":7}},"loc":{"start":{"line":72,"column":71},"end":{"line":99,"column":3}}}},"branchMap":{"0":{"loc":{"start":{"line":20,"column":4},"end":{"line":31,"column":5}},"type":"if","locations":[{"start":{"line":20,"column":4},"end":{"line":31,"column":5}}]},"1":{"loc":{"start":{"line":26,"column":23},"end":{"line":26,"column":176}},"type":"cond-expr","locations":[{"start":{"line":26,"column":48},"end":{"line":26,"column":64}},{"start":{"line":26,"column":67},"end":{"line":26,"column":176}}]},"2":{"loc":{"start":{"line":26,"column":67},"end":{"line":26,"column":176}},"type":"cond-expr","locations":[{"start":{"line":26,"column":92},"end":{"line":26,"column":110}},{"start":{"line":26,"column":113},"end":{"line":26,"column":176}}]},"3":{"loc":{"start":{"line":26,"column":113},"end":{"line":26,"column":176}},"type":"cond-expr","locations":[{"start":{"line":26,"column":138},"end":{"line":26,"column":157}},{"start":{"line":26,"column":160},"end":{"line":26,"column":176}}]},"4":{"loc":{"start":{"line":35,"column":15},"end":{"line":35,"column":29}},"type":"binary-expr","locations":[{"start":{"line":35,"column":15},"end":{"line":35,"column":23}},{"start":{"line":35,"column":27},"end":{"line":35,"column":29}}]},"5":{"loc":{"start":{"line":39,"column":4},"end":{"line":41,"column":5}},"type":"if","locations":[{"start":{"line":39,"column":4},"end":{"line":41,"column":5}}]},"6":{"loc":{"start":{"line":39,"column":8},"end":{"line":39,"column":44}},"type":"binary-expr","locations":[{"start":{"line":39,"column":8},"end":{"line":39,"column":19}},{"start":{"line":39,"column":23},"end":{"line":39,"column":44}}]},"7":{"loc":{"start":{"line":43,"column":4},"end":{"line":49,"column":5}},"type":"if","locations":[{"start":{"line":43,"column":4},"end":{"line":49,"column":5}}]},"8":{"loc":{"start":{"line":67,"column":12},"end":{"line":67,"column":25}},"type":"binary-expr","locations":[{"start":{"line":67,"column":12},"end":{"line":67,"column":17}},{"start":{"line":67,"column":21},"end":{"line":67,"column":25}}]},"9":{"loc":{"start":{"line":72,"column":46},"end":{"line":72,"column":71}},"type":"default-arg","locations":[{"start":{"line":72,"column":66},"end":{"line":72,"column":71}}]},"10":{"loc":{"start":{"line":73,"column":4},"end":{"line":80,"column":5}},"type":"if","locations":[{"start":{"line":73,"column":4},"end":{"line":80,"column":5}}]},"11":{"loc":{"start":{"line":73,"column":8},"end":{"line":73,"column":20}},"type":"binary-expr","locations":[{"start":{"line":73,"column":8},"end":{"line":73,"column":12}},{"start":{"line":73,"column":16},"end":{"line":73,"column":20}}]}},"s":{"0":0,"1":0,"2":0,"3":0,"4":0,"5":0,"6":0,"7":0,"8":0,"9":0,"10":0,"11":0,"12":0,"13":0,"14":0,"15":0,"16":0,"17":0,"18":0,"19":0,"20":0,"21":0,"22":0,"23":0,"24":0,"25":0,"26":0,"27":0,"28":0,"29":0,"30":0,"31":0,"32":0},"f":{"0":0,"1":0,"2":0,"3":0,"4":0,"5":0,"6":0},"b":{"0":[0],"1":[0,0],"2":[0,0],"3":[0,0],"4":[0,0],"5":[0],"6":[0,0],"7":[0],"8":[0,0],"9":[0],"10":[0],"11":[0,0]}}
,"/Users/oyekunle/Documents/Obiren/apps/api/src/modules/directory/directory.wrapper.ts": {"path":"/Users/oyekunle/Documents/Obiren/apps/api/src/modules/directory/directory.wrapper.ts","statementMap":{"0":{"start":{"line":1,"column":0},"end":{"line":1,"column":62}},"1":{"start":{"line":2,"column":0},"end":{"line":2,"column":62}},"2":{"start":{"line":5,"column":7},"end":{"line":19,"column":null}},"3":{"start":{"line":6,"column":31},"end":{"line":6,"column":40}},"4":{"start":{"line":9,"column":4},"end":{"line":9,"column":39}},"5":{"start":{"line":13,"column":4},"end":{"line":13,"column":43}},"6":{"start":{"line":17,"column":4},"end":{"line":17,"column":44}},"7":{"start":{"line":5,"column":13},"end":{"line":5,"column":36}},"8":{"start":{"line":5,"column":13},"end":{"line":19,"column":null}}},"fnMap":{"0":{"name":"(anonymous_2)","decl":{"start":{"line":6,"column":2},"end":{"line":6,"column":31}},"loc":{"start":{"line":6,"column":63},"end":{"line":6,"column":67}}},"1":{"name":"(anonymous_3)","decl":{"start":{"line":8,"column":2},"end":{"line":8,"column":7}},"loc":{"start":{"line":8,"column":26},"end":{"line":10,"column":3}}},"2":{"name":"(anonymous_4)","decl":{"start":{"line":12,"column":2},"end":{"line":12,"column":7}},"loc":{"start":{"line":12,"column":33},"end":{"line":14,"column":3}}},"3":{"name":"(anonymous_5)","decl":{"start":{"line":16,"column":2},"end":{"line":16,"column":7}},"loc":{"start":{"line":16,"column":44},"end":{"line":18,"column":3}}}},"branchMap":{},"s":{"0":0,"1":0,"2":0,"3":0,"4":0,"5":0,"6":0,"7":0,"8":0},"f":{"0":0,"1":0,"2":0,"3":0},"b":{}}
,"/Users/oyekunle/Documents/Obiren/apps/api/src/modules/health-vault/health-vault.controller.ts": {"path":"/Users/oyekunle/Documents/Obiren/apps/api/src/modules/health-vault/health-vault.controller.ts","statementMap":{"0":{"start":{"line":1,"column":0},"end":{"line":1,"column":84}},"1":{"start":{"line":2,"column":0},"end":{"line":2,"column":60}},"2":{"start":{"line":3,"column":0},"end":{"line":3,"column":66}},"3":{"start":{"line":7,"column":7},"end":{"line":29,"column":null}},"4":{"start":{"line":8,"column":31},"end":{"line":8,"column":51}},"5":{"start":{"line":12,"column":4},"end":{"line":12,"column":76}},"6":{"start":{"line":17,"column":4},"end":{"line":17,"column":62}},"7":{"start":{"line":22,"column":4},"end":{"line":22,"column":68}},"8":{"start":{"line":27,"column":4},"end":{"line":27,"column":74}},"9":{"start":{"line":7,"column":13},"end":{"line":7,"column":34}},"10":{"start":{"line":11,"column":8},"end":{"line":13,"column":null}},"11":{"start":{"line":16,"column":8},"end":{"line":18,"column":null}},"12":{"start":{"line":21,"column":8},"end":{"line":23,"column":null}},"13":{"start":{"line":26,"column":8},"end":{"line":28,"column":null}},"14":{"start":{"line":7,"column":13},"end":{"line":29,"column":null}}},"fnMap":{"0":{"name":"(anonymous_4)","decl":{"start":{"line":8,"column":2},"end":{"line":8,"column":31}},"loc":{"start":{"line":8,"column":69},"end":{"line":8,"column":73}}},"1":{"name":"(anonymous_5)","decl":{"start":{"line":11,"column":2},"end":{"line":11,"column":7}},"loc":{"start":{"line":11,"column":63},"end":{"line":13,"column":3}}},"2":{"name":"(anonymous_6)","decl":{"start":{"line":16,"column":2},"end":{"line":16,"column":7}},"loc":{"start":{"line":16,"column":36},"end":{"line":18,"column":3}}},"3":{"name":"(anonymous_7)","decl":{"start":{"line":21,"column":2},"end":{"line":21,"column":7}},"loc":{"start":{"line":21,"column":55},"end":{"line":23,"column":3}}},"4":{"name":"(anonymous_8)","decl":{"start":{"line":26,"column":2},"end":{"line":26,"column":7}},"loc":{"start":{"line":26,"column":69},"end":{"line":28,"column":3}}}},"branchMap":{},"s":{"0":0,"1":0,"2":0,"3":0,"4":0,"5":0,"6":0,"7":0,"8":0,"9":0,"10":0,"11":0,"12":0,"13":0,"14":0},"f":{"0":0,"1":0,"2":0,"3":0,"4":0},"b":{}}
,"/Users/oyekunle/Documents/Obiren/apps/api/src/modules/health-vault/health-vault.module.ts": {"path":"/Users/oyekunle/Documents/Obiren/apps/api/src/modules/health-vault/health-vault.module.ts","statementMap":{"0":{"start":{"line":1,"column":0},"end":{"line":1,"column":40}},"1":{"start":{"line":2,"column":0},"end":{"line":2,"column":50}},"2":{"start":{"line":3,"column":0},"end":{"line":3,"column":66}},"3":{"start":{"line":4,"column":0},"end":{"line":4,"column":60}},"4":{"start":{"line":5,"column":0},"end":{"line":5,"column":148}},"5":{"start":{"line":6,"column":0},"end":{"line":6,"column":49}},"6":{"start":{"line":20,"column":7},"end":{"line":20,"column":null}},"7":{"start":{"line":20,"column":13},"end":{"line":20,"column":30}},"8":{"start":{"line":20,"column":13},"end":{"line":20,"column":null}}},"fnMap":{},"branchMap":{},"s":{"0":0,"1":0,"2":0,"3":0,"4":0,"5":0,"6":0,"7":0,"8":0},"f":{},"b":{}}
,"/Users/oyekunle/Documents/Obiren/apps/api/src/modules/health-vault/health-vault.service.ts": {"path":"/Users/oyekunle/Documents/Obiren/apps/api/src/modules/health-vault/health-vault.service.ts","statementMap":{"0":{"start":{"line":1,"column":0},"end":{"line":1,"column":83}},"1":{"start":{"line":2,"column":0},"end":{"line":2,"column":47}},"2":{"start":{"line":3,"column":0},"end":{"line":3,"column":40}},"3":{"start":{"line":4,"column":0},"end":{"line":4,"column":33}},"4":{"start":{"line":5,"column":0},"end":{"line":5,"column":152}},"5":{"start":{"line":8,"column":7},"end":{"line":103,"column":null}},"6":{"start":{"line":10,"column":46},"end":{"line":10,"column":56}},"7":{"start":{"line":11,"column":52},"end":{"line":11,"column":62}},"8":{"start":{"line":16,"column":22},"end":{"line":16,"column":51}},"9":{"start":{"line":17,"column":19},"end":{"line":17,"column":48}},"10":{"start":{"line":18,"column":22},"end":{"line":18,"column":93}},"11":{"start":{"line":20,"column":25},"end":{"line":20,"column":78}},"12":{"start":{"line":21,"column":22},"end":{"line":21,"column":82}},"13":{"start":{"line":23,"column":4},"end":{"line":33,"column":6}},"14":{"start":{"line":37,"column":17},"end":{"line":40,"column":13}},"15":{"start":{"line":42,"column":4},"end":{"line":46,"column":6}},"16":{"start":{"line":50,"column":16},"end":{"line":57,"column":6}},"17":{"start":{"line":59,"column":4},"end":{"line":63,"column":6}},"18":{"start":{"line":68,"column":25},"end":{"line":68,"column":51}},"19":{"start":{"line":69,"column":24},"end":{"line":69,"column":54}},"20":{"start":{"line":71,"column":16},"end":{"line":71,"column":57}},"21":{"start":{"line":72,"column":4},"end":{"line":74,"column":5}},"22":{"start":{"line":73,"column":6},"end":{"line":73,"column":56}},"23":{"start":{"line":77,"column":4},"end":{"line":79,"column":5}},"24":{"start":{"line":78,"column":6},"end":{"line":78,"column":124}},"25":{"start":{"line":82,"column":4},"end":{"line":87,"column":7}},"26":{"start":{"line":89,"column":22},"end":{"line":89,"column":57}},"27":{"start":{"line":90,"column":22},"end":{"line":90,"column":73}},"28":{"start":{"line":91,"column":30},"end":{"line":91,"column":145}},"29":{"start":{"line":93,"column":4},"end":{"line":101,"column":6}},"30":{"start":{"line":8,"column":13},"end":{"line":8,"column":31}},"31":{"start":{"line":8,"column":13},"end":{"line":103,"column":null}}},"fnMap":{"0":{"name":"(anonymous_4)","decl":{"start":{"line":9,"column":2},"end":{"line":9,"column":null}},"loc":{"start":{"line":11,"column":97},"end":{"line":12,"column":6}}},"1":{"name":"(anonymous_5)","decl":{"start":{"line":15,"column":2},"end":{"line":15,"column":7}},"loc":{"start":{"line":15,"column":53},"end":{"line":34,"column":3}}},"2":{"name":"(anonymous_6)","decl":{"start":{"line":36,"column":2},"end":{"line":36,"column":7}},"loc":{"start":{"line":36,"column":35},"end":{"line":47,"column":3}}},"3":{"name":"(anonymous_7)","decl":{"start":{"line":49,"column":2},"end":{"line":49,"column":7}},"loc":{"start":{"line":49,"column":45},"end":{"line":64,"column":3}}},"4":{"name":"(anonymous_8)","decl":{"start":{"line":67,"column":2},"end":{"line":67,"column":7}},"loc":{"start":{"line":67,"column":63},"end":{"line":102,"column":3}}}},"branchMap":{"0":{"loc":{"start":{"line":18,"column":22},"end":{"line":18,"column":93}},"type":"binary-expr","locations":[{"start":{"line":18,"column":22},"end":{"line":18,"column":55}},{"start":{"line":18,"column":59},"end":{"line":18,"column":93}}]},"1":{"loc":{"start":{"line":26,"column":54},"end":{"line":26,"column":105}},"type":"binary-expr","locations":[{"start":{"line":26,"column":54},"end":{"line":26,"column":87}},{"start":{"line":26,"column":91},"end":{"line":26,"column":105}}]},"2":{"loc":{"start":{"line":27,"column":16},"end":{"line":27,"column":67}},"type":"binary-expr","locations":[{"start":{"line":27,"column":16},"end":{"line":27,"column":46}},{"start":{"line":27,"column":50},"end":{"line":27,"column":67}}]},"3":{"loc":{"start":{"line":53,"column":20},"end":{"line":53,"column":54}},"type":"binary-expr","locations":[{"start":{"line":53,"column":20},"end":{"line":53,"column":36}},{"start":{"line":53,"column":40},"end":{"line":53,"column":54}}]},"4":{"loc":{"start":{"line":54,"column":26},"end":{"line":54,"column":71}},"type":"binary-expr","locations":[{"start":{"line":54,"column":26},"end":{"line":54,"column":48}},{"start":{"line":54,"column":52},"end":{"line":54,"column":71}}]},"5":{"loc":{"start":{"line":55,"column":19},"end":{"line":55,"column":47}},"type":"binary-expr","locations":[{"start":{"line":55,"column":19},"end":{"line":55,"column":34}},{"start":{"line":55,"column":38},"end":{"line":55,"column":47}}]},"6":{"loc":{"start":{"line":72,"column":4},"end":{"line":74,"column":5}},"type":"if","locations":[{"start":{"line":72,"column":4},"end":{"line":74,"column":5}}]},"7":{"loc":{"start":{"line":72,"column":8},"end":{"line":72,"column":40}},"type":"binary-expr","locations":[{"start":{"line":72,"column":8},"end":{"line":72,"column":12}},{"start":{"line":72,"column":16},"end":{"line":72,"column":40}}]},"8":{"loc":{"start":{"line":77,"column":4},"end":{"line":79,"column":5}},"type":"if","locations":[{"start":{"line":77,"column":4},"end":{"line":79,"column":5}}]},"9":{"loc":{"start":{"line":90,"column":22},"end":{"line":90,"column":73}},"type":"binary-expr","locations":[{"start":{"line":90,"column":22},"end":{"line":90,"column":55}},{"start":{"line":90,"column":59},"end":{"line":90,"column":73}}]}},"s":{"0":0,"1":0,"2":0,"3":0,"4":0,"5":0,"6":0,"7":0,"8":0,"9":0,"10":0,"11":0,"12":0,"13":0,"14":0,"15":0,"16":0,"17":0,"18":0,"19":0,"20":0,"21":0,"22":0,"23":0,"24":0,"25":0,"26":0,"27":0,"28":0,"29":0,"30":0,"31":0},"f":{"0":0,"1":0,"2":0,"3":0,"4":0},"b":{"0":[0,0],"1":[0,0],"2":[0,0],"3":[0,0],"4":[0,0],"5":[0,0],"6":[0],"7":[0,0],"8":[0],"9":[0,0]}}
[...]
{"line":134,"column":5}},"50":{"start":{"line":133,"column":6},"end":{"line":133,"column":82}},"51":{"start":{"line":136,"column":23},"end":{"line":137,"column":null}},"52":{"start":{"line":137,"column":6},"end":{"line":137,"column":117}},"53":{"start":{"line":140,"column":23},"end":{"line":140,"column":27}},"54":{"start":{"line":141,"column":4},"end":{"line":151,"column":5}},"55":{"start":{"line":142,"column":6},"end":{"line":150,"column":8}},"56":{"start":{"line":153,"column":4},"end":{"line":162,"column":6}},"57":{"start":{"line":7,"column":13},"end":{"line":7,"column":29}},"58":{"start":{"line":7,"column":13},"end":{"line":164,"column":null}}},"fnMap":{"0":{"name":"(anonymous_4)","decl":{"start":{"line":8,"column":2},"end":{"line":8,"column":15}},"loc":{"start":{"line":8,"column":91},"end":{"line":8,"column":95}}},"1":{"name":"(anonymous_5)","decl":{"start":{"line":10,"column":10},"end":{"line":10,"column":33}},"loc":{"start":{"line":10,"column":47},"end":{"line":38,"column":3}}},"2":{"name":"(anonymous_6)","decl":{"start":{"line":40,"column":2},"end":{"line":40,"column":7}},"loc":{"start":{"line":40,"column":42},"end":{"line":76,"column":3}}},"3":{"name":"(anonymous_7)","decl":{"start":{"line":78,"column":2},"end":{"line":78,"column":7}},"loc":{"start":{"line":78,"column":48},"end":{"line":103,"column":3}}},"4":{"name":"(anonymous_8)","decl":{"start":{"line":105,"column":2},"end":{"line":105,"column":7}},"loc":{"start":{"line":105,"column":63},"end":{"line":124,"column":3}}},"5":{"name":"(anonymous_9)","decl":{"start":{"line":126,"column":2},"end":{"line":126,"column":7}},"loc":{"start":{"line":126,"column":93},"end":{"line":163,"column":3}}},"6":{"name":"(anonymous_10)","decl":{"start":{"line":136,"column":46},"end":{"line":136,"column":47}},"loc":{"start":{"line":137,"column":6},"end":{"line":137,"column":117}}}},"branchMap":{"0":{"loc":{"start":{"line":23,"column":4},"end":{"line":35,"column":5}},"type":"if","locations":[{"start":{"line":23,"column":4},"end":{"line":35,"column":5}},{"start":{"line":27,"column":11},"end":{"line":35,"column":5}}]},"1":{"loc":{"start":{"line":27,"column":11},"end":{"line":35,"column":5}},"type":"if","locations":[{"start":{"line":27,"column":11},"end":{"line":35,"column":5}},{"start":{"line":31,"column":11},"end":{"line":35,"column":5}}]},"2":{"loc":{"start":{"line":31,"column":11},"end":{"line":35,"column":5}},"type":"if","locations":[{"start":{"line":31,"column":11},"end":{"line":35,"column":5}}]},"3":{"loc":{"start":{"line":46,"column":4},"end":{"line":52,"column":5}},"type":"if","locations":[{"start":{"line":46,"column":4},"end":{"line":52,"column":5}}]},"4":{"loc":{"start":{"line":54,"column":16},"end":{"line":54,"column":117}},"type":"binary-expr","locations":[{"start":{"line":54,"column":16},"end":{"line":54,"column":42}},{"start":{"line":54,"column":46},"end":{"line":54,"column":117}}]},"5":{"loc":{"start":{"line":83,"column":4},"end":{"line":85,"column":5}},"type":"if","locations":[{"start":{"line":83,"column":4},"end":{"line":85,"column":5}}]},"6":{"loc":{"start":{"line":87,"column":14},"end":{"line":87,"column":86}},"type":"cond-expr","locations":[{"start":{"line":87,"column":40},"end":{"line":87,"column":73}},{"start":{"line":87,"column":76},"end":{"line":87,"column":86}}]},"7":{"loc":{"start":{"line":88,"column":18},"end":{"line":88,"column":125}},"type":"cond-expr","locations":[{"start":{"line":88,"column":41},"end":{"line":88,"column":71}},{"start":{"line":88,"column":74},"end":{"line":88,"column":125}}]},"8":{"loc":{"start":{"line":95,"column":25},"end":{"line":95,"column":73}},"type":"binary-expr","locations":[{"start":{"line":95,"column":25},"end":{"line":95,"column":46}},{"start":{"line":95,"column":50},"end":{"line":95,"column":73}}]},"9":{"loc":{"start":{"line":111,"column":4},"end":{"line":113,"column":5}},"type":"if","locations":[{"start":{"line":111,"column":4},"end":{"line":113,"column":5}}]},"10":{"loc":{"start":{"line":115,"column":23},"end":{"line":115,"column":44}},"type":"binary-expr","locations":[{"start":{"line":115,"column":23},"end":{"line":115,"column":29}},{"start":{"line":115,"column":33},"end":{"line":115,"column":44}}]},"11":{"loc":{"start":{"line":132,"column":4},"end":{"line":134,"column":5}},"type":"if","locations":[{"start":{"line":132,"column":4},"end":{"line":134,"column":5}}]},"12":{"loc":{"start":{"line":141,"column":4},"end":{"line":151,"column":5}},"type":"if","locations":[{"start":{"line":141,"column":4},"end":{"line":151,"column":5}}]}},"s":{"0":0,"1":0,"2":0,"3":0,"4":0,"5":0,"6":0,"7":0,"8":0,"9":0,"10":0,"11":0,"12":0,"13":0,"14":0,"15":0,"16":0,"17":0,"18":0,"19":0,"20":0,"21":0,"22":0,"23":0,"24":0,"25":0,"26":0,"27":0,"28":0,"29":0,"30":0,"31":0,"32":0,"33":0,"34":0,"35":0,"36":0,"37":0,"38":0,"39":0,"40":0,"41":0,"42":0,"43":0,"44":0,"45":0,"46":0,"47":0,"48":0,"49":0,"50":0,"51":0,"52":0,"53":0,"54":0,"55":0,"56":0,"57":0,"58":0},"f":{"0":0,"1":0,"2":0,"3":0,"4":0,"5":0,"6":0},"b":{"0":[0,0],"1":[0,0],"2":[0],"3":[0],"4":[0,0],"5":[0],"6":[0,0],"7":[0,0],"8":[0,0],"9":[0],"10":[0,0],"11":[0],"12":[0]}}
,"/Users/oyekunle/Documents/Obiren/apps/api/src/modules/safety/safety.controller.ts": {"path":"/Users/oyekunle/Documents/Obiren/apps/api/src/modules/safety/safety.controller.ts","statementMap":{"0":{"start":{"line":1,"column":0},"end":{"line":1,"column":77}},"1":{"start":{"line":2,"column":0},"end":{"line":2,"column":49}},"2":{"start":{"line":3,"column":0},"end":{"line":3,"column":66}},"3":{"start":{"line":7,"column":7},"end":{"line":24,"column":null}},"4":{"start":{"line":8,"column":31},"end":{"line":8,"column":46}},"5":{"start":{"line":12,"column":4},"end":{"line":12,"column":61}},"6":{"start":{"line":17,"column":4},"end":{"line":17,"column":60}},"7":{"start":{"line":22,"column":4},"end":{"line":22,"column":57}},"8":{"start":{"line":7,"column":13},"end":{"line":7,"column":29}},"9":{"start":{"line":11,"column":8},"end":{"line":13,"column":null}},"10":{"start":{"line":16,"column":8},"end":{"line":18,"column":null}},"11":{"start":{"line":21,"column":8},"end":{"line":23,"column":null}},"12":{"start":{"line":7,"column":13},"end":{"line":24,"column":null}}},"fnMap":{"0":{"name":"(anonymous_4)","decl":{"start":{"line":8,"column":2},"end":{"line":8,"column":31}},"loc":{"start":{"line":8,"column":59},"end":{"line":8,"column":63}}},"1":{"name":"(anonymous_5)","decl":{"start":{"line":11,"column":2},"end":{"line":11,"column":7}},"loc":{"start":{"line":11,"column":53},"end":{"line":13,"column":3}}},"2":{"name":"(anonymous_6)","decl":{"start":{"line":16,"column":2},"end":{"line":16,"column":7}},"loc":{"start":{"line":16,"column":52},"end":{"line":18,"column":3}}},"3":{"name":"(anonymous_7)","decl":{"start":{"line":21,"column":2},"end":{"line":21,"column":7}},"loc":{"start":{"line":21,"column":36},"end":{"line":23,"column":3}}}},"branchMap":{},"s":{"0":0,"1":0,"2":0,"3":0,"4":0,"5":0,"6":0,"7":0,"8":0,"9":0,"10":0,"11":0,"12":0},"f":{"0":0,"1":0,"2":0,"3":0},"b":{}}
,"/Users/oyekunle/Documents/Obiren/apps/api/src/modules/safety/safety.module.ts": {"path":"/Users/oyekunle/Documents/Obiren/apps/api/src/modules/safety/safety.module.ts","statementMap":{"0":{"start":{"line":1,"column":0},"end":{"line":1,"column":40}},"1":{"start":{"line":2,"column":0},"end":{"line":2,"column":50}},"2":{"start":{"line":3,"column":0},"end":{"line":3,"column":55}},"3":{"start":{"line":4,"column":0},"end":{"line":4,"column":49}},"4":{"start":{"line":5,"column":0},"end":{"line":5,"column":92}},"5":{"start":{"line":6,"column":0},"end":{"line":6,"column":70}},"6":{"start":{"line":7,"column":0},"end":{"line":7,"column":49}},"7":{"start":{"line":21,"column":7},"end":{"line":21,"column":null}},"8":{"start":{"line":21,"column":13},"end":{"line":21,"column":25}},"9":{"start":{"line":21,"column":13},"end":{"line":21,"column":null}}},"fnMap":{},"branchMap":{},"s":{"0":0,"1":0,"2":0,"3":0,"4":0,"5":0,"6":0,"7":0,"8":0,"9":0},"f":{},"b":{}}
,"/Users/oyekunle/Documents/Obiren/apps/api/src/modules/safety/safety.service.ts": {"path":"/Users/oyekunle/Documents/Obiren/apps/api/src/modules/safety/safety.service.ts","statementMap":{"0":{"start":{"line":1,"column":0},"end":{"line":1,"column":86}},"1":{"start":{"line":2,"column":0},"end":{"line":2,"column":47}},"2":{"start":{"line":3,"column":0},"end":{"line":3,"column":40}},"3":{"start":{"line":4,"column":0},"end":{"line":4,"column":94}},"4":{"start":{"line":5,"column":0},"end":{"line":5,"column":72}},"5":{"start":{"line":8,"column":7},"end":{"line":86,"column":null}},"6":{"start":{"line":10,"column":46},"end":{"line":10,"column":61}},"7":{"start":{"line":11,"column":36},"end":{"line":11,"column":47}},"8":{"start":{"line":15,"column":25},"end":{"line":15,"column":51}},"9":{"start":{"line":18,"column":27},"end":{"line":22,"column":6}},"10":{"start":{"line":24,"column":4},"end":{"line":30,"column":5}},"11":{"start":{"line":25,"column":6},"end":{"line":29,"column":8}},"12":{"start":{"line":32,"column":21},"end":{"line":38,"column":6}},"13":{"start":{"line":40,"column":4},"end":{"line":47,"column":6}},"14":{"start":{"line":51,"column":25},"end":{"line":51,"column":51}},"15":{"start":{"line":54,"column":27},"end":{"line":54,"column":103}},"16":{"start":{"line":55,"column":4},"end":{"line":57,"column":5}},"17":{"start":{"line":56,"column":6},"end":{"line":56,"column":77}},"18":{"start":{"line":59,"column":4},"end":{"line":61,"column":5}},"19":{"start":{"line":60,"column":6},"end":{"line":60,"column":102}},"20":{"start":{"line":63,"column":4},"end":{"line":63,"column":40}},"21":{"start":{"line":64,"column":4},"end":{"line":64,"column":44}},"22":{"start":{"line":65,"column":4},"end":{"line":65,"column":32}},"23":{"start":{"line":67,"column":4},"end":{"line":71,"column":6}},"24":{"start":{"line":75,"column":22},"end":{"line":78,"column":13}},"25":{"start":{"line":80,"column":4},"end":{"line":84,"column":6}},"26":{"start":{"line":8,"column":13},"end":{"line":8,"column":26}},"27":{"start":{"line":8,"column":13},"end":{"line":86,"column":null}}},"fnMap":{"0":{"name":"(anonymous_4)","decl":{"start":{"line":9,"column":2},"end":{"line":9,"column":null}},"loc":{"start":{"line":11,"column":66},"end":{"line":12,"column":6}}},"1":{"name":"(anonymous_5)","decl":{"start":{"line":14,"column":2},"end":{"line":14,"column":7}},"loc":{"start":{"line":14,"column":43},"end":{"line":48,"column":3}}},"2":{"name":"(anonymous_6)","decl":{"start":{"line":50,"column":2},"end":{"line":50,"column":7}},"loc":{"start":{"line":50,"column":42},"end":{"line":72,"column":3}}},"3":{"name":"(anonymous_7)","decl":{"start":{"line":74,"column":2},"end":{"line":74,"column":7}},"loc":{"start":{"line":74,"column":35},"end":{"line":85,"column":3}}}},"branchMap":{"0":{"loc":{"start":{"line":24,"column":4},"end":{"line":30,"column":5}},"type":"if","locations":[{"start":{"line":24,"column":4},"end":{"line":30,"column":5}}]},"1":{"loc":{"start":{"line":34,"column":18},"end":{"line":34,"column":41}},"type":"binary-expr","locations":[{"start":{"line":34,"column":18},"end":{"line":34,"column":32}},{"start":{"line":34,"column":36},"end":{"line":34,"column":41}}]},"2":{"loc":{"start":{"line":35,"column":22},"end":{"line":35,"column":55}},"type":"binary-expr","locations":[{"start":{"line":35,"column":22},"end":{"line":35,"column":29}},{"start":{"line":35,"column":33},"end":{"line":35,"column":55}}]},"3":{"loc":{"start":{"line":55,"column":4},"end":{"line":57,"column":5}},"type":"if","locations":[{"start":{"line":55,"column":4},"end":{"line":57,"column":5}}]},"4":{"loc":{"start":{"line":59,"column":4},"end":{"line":61,"column":5}},"type":"if","locations":[{"start":{"line":59,"column":4},"end":{"line":61,"column":5}}]},"5":{"loc":{"start":{"line":59,"column":8},"end":{"line":59,"column":38}},"type":"binary-expr","locations":[{"start":{"line":59,"column":8},"end":{"line":59,"column":16}},{"start":{"line":59,"column":20},"end":{"line":59,"column":38}}]}},"s":{"0":0,"1":0,"2":0,"3":0,"4":0,"5":0,"6":0,"7":0,"8":0,"9":0,"10":0,"11":0,"12":0,"13":0,"14":0,"15":0,"16":0,"17":0,"18":0,"19":0,"20":0,"21":0,"22":0,"23":0,"24":0,"25":0,"26":0,"27":0},"f":{"0":0,"1":0,"2":0,"3":0},"b":{"0":[0],"1":[0,0],"2":[0,0],"3":[0],"4":[0],"5":[0,0]}}
,"/Users/oyekunle/Documents/Obiren/apps/api/src/modules/users/users.controller.ts": {"path":"/Users/oyekunle/Documents/Obiren/apps/api/src/modules/users/users.controller.ts","statementMap":{"0":{"start":{"line":1,"column":0},"end":{"line":1,"column":84}},"1":{"start":{"line":2,"column":0},"end":{"line":2,"column":47}},"2":{"start":{"line":3,"column":0},"end":{"line":3,"column":66}},"3":{"start":{"line":7,"column":7},"end":{"line":34,"column":null}},"4":{"start":{"line":8,"column":31},"end":{"line":8,"column":45}},"5":{"start":{"line":12,"column":4},"end":{"line":12,"column":54}},"6":{"start":{"line":17,"column":4},"end":{"line":17,"column":63}},"7":{"start":{"line":22,"column":4},"end":{"line":22,"column":58}},"8":{"start":{"line":27,"column":4},"end":{"line":27,"column":66}},"9":{"start":{"line":32,"column":4},"end":{"line":32,"column":65}},"10":{"start":{"line":7,"column":13},"end":{"line":7,"column":28}},"11":{"start":{"line":11,"column":8},"end":{"line":13,"column":null}},"12":{"start":{"line":16,"column":8},"end":{"line":18,"column":null}},"13":{"start":{"line":21,"column":8},"end":{"line":23,"column":null}},"14":{"start":{"line":26,"column":8},"end":{"line":28,"column":null}},"15":{"start":{"line":31,"column":8},"end":{"line":33,"column":null}},"16":{"start":{"line":7,"column":13},"end":{"line":34,"column":null}}},"fnMap":{"0":{"name":"(anonymous_4)","decl":{"start":{"line":8,"column":2},"end":{"line":8,"column":31}},"loc":{"start":{"line":8,"column":57},"end":{"line":8,"column":61}}},"1":{"name":"(anonymous_5)","decl":{"start":{"line":11,"column":2},"end":{"line":11,"column":7}},"loc":{"start":{"line":11,"column":34},"end":{"line":13,"column":3}}},"2":{"name":"(anonymous_6)","decl":{"start":{"line":16,"column":2},"end":{"line":16,"column":7}},"loc":{"start":{"line":16,"column":56},"end":{"line":18,"column":3}}},"3":{"name":"(anonymous_7)","decl":{"start":{"line":21,"column":2},"end":{"line":21,"column":7}},"loc":{"start":{"line":21,"column":34},"end":{"line":23,"column":3}}},"4":{"name":"(anonymous_8)","decl":{"start":{"line":26,"column":2},"end":{"line":26,"column":7}},"loc":{"start":{"line":26,"column":39},"end":{"line":28,"column":3}}},"5":{"name":"(anonymous_9)","decl":{"start":{"line":31,"column":2},"end":{"line":31,"column":7}},"loc":{"start":{"line":31,"column":38},"end":{"line":33,"column":3}}}},"branchMap":{},"s":{"0":0,"1":0,"2":0,"3":0,"4":0,"5":0,"6":0,"7":0,"8":0,"9":0,"10":0,"11":0,"12":0,"13":0,"14":0,"15":0,"16":0},"f":{"0":0,"1":0,"2":0,"3":0,"4":0,"5":0},"b":{}}
,"/Users/oyekunle/Documents/Obiren/apps/api/src/modules/users/users.module.ts": {"path":"/Users/oyekunle/Documents/Obiren/apps/api/src/modules/users/users.module.ts","statementMap":{"0":{"start":{"line":1,"column":0},"end":{"line":1,"column":40}},"1":{"start":{"line":2,"column":0},"end":{"line":2,"column":50}},"2":{"start":{"line":3,"column":0},"end":{"line":3,"column":53}},"3":{"start":{"line":4,"column":0},"end":{"line":4,"column":47}},"4":{"start":{"line":5,"column":0},"end":{"line":5,"column":102}},"5":{"start":{"line":6,"column":0},"end":{"line":6,"column":49}},"6":{"start":{"line":20,"column":7},"end":{"line":20,"column":null}},"7":{"start":{"line":20,"column":13},"end":{"line":20,"column":24}},"8":{"start":{"line":20,"column":13},"end":{"line":20,"column":null}}},"fnMap":{},"branchMap":{},"s":{"0":0,"1":0,"2":0,"3":0,"4":0,"5":0,"6":0,"7":0,"8":0},"f":{},"b":{}}
,"/Users/oyekunle/Documents/Obiren/apps/api/src/modules/users/users.service.ts": {"path":"/Users/oyekunle/Documents/Obiren/apps/api/src/modules/users/users.service.ts","statementMap":{"0":{"start":{"line":1,"column":0},"end":{"line":1,"column":63}},"1":{"start":{"line":2,"column":0},"end":{"line":2,"column":47}},"2":{"start":{"line":3,"column":0},"end":{"line":3,"column":40}},"3":{"start":{"line":4,"column":0},"end":{"line":4,"column":106}},"4":{"start":{"line":7,"column":7},"end":{"line":117,"column":null}},"5":{"start":{"line":9,"column":36},"end":{"line":9,"column":47}},"6":{"start":{"line":10,"column":43},"end":{"line":10,"column":61}},"7":{"start":{"line":14,"column":20},"end":{"line":14,"column":95}},"8":{"start":{"line":15,"column":17},"end":{"line":15,"column":54}},"9":{"start":{"line":17,"column":4},"end":{"line":19,"column":5}},"10":{"start":{"line":18,"column":6},"end":{"line":18,"column":60}},"11":{"start":{"line":21,"column":4},"end":{"line":36,"column":6}},"12":{"start":{"line":40,"column":20},"end":{"line":43,"column":null}},"13":{"start":{"line":46,"column":4},"end":{"line":50,"column":6}},"14":{"start":{"line":54,"column":17},"end":{"line":54,"column":54}},"15":{"start":{"line":55,"column":20},"end":{"line":55,"column":95}},"16":{"start":{"line":57,"column":4},"end":{"line":72,"column":6}},"17":{"start":{"line":76,"column":17},"end":{"line":84,"column":null}},"18":{"start":{"line":87,"column":4},"end":{"line":96,"column":6}},"19":{"start":{"line":100,"column":17},"end":{"line":108,"column":null}},"20":{"start":{"line":111,"column":4},"end":{"line":115,"column":6}},"21":{"start":{"line":7,"column":13},"end":{"line":7,"column":25}},"22":{"start":{"line":7,"column":13},"end":{"line":117,"column":null}}},"fnMap":{"0":{"name":"(anonymous_4)","decl":{"start":{"line":8,"column":2},"end":{"line":8,"column":null}},"loc":{"start":{"line":10,"column":87},"end":{"line":11,"column":6}}},"1":{"name":"(anonymous_5)","decl":{"start":{"line":13,"column":2},"end":{"line":13,"column":7}},"loc":{"start":{"line":13,"column":33},"end":{"line":37,"column":3}}},"2":{"name":"(anonymous_6)","decl":{"start":{"line":39,"column":2},"end":{"line":39,"column":7}},"loc":{"start":{"line":39,"column":50},"end":{"line":51,"column":3}}},"3":{"name":"(anonymous_7)","decl":{"start":{"line":53,"column":2},"end":{"line":53,"column":7}},"loc":{"start":{"line":53,"column":37},"end":{"line":73,"column":3}}},"4":{"name":"(anonymous_8)","decl":{"start":{"line":75,"column":2},"end":{"line":75,"column":7}},"loc":{"start":{"line":75,"column":45},"end":{"line":97,"column":3}}},"5":{"name":"(anonymous_9)","decl":{"start":{"line":99,"column":2},"end":{"line":99,"column":7}},"loc":{"start":{"line":99,"column":44},"end":{"line":116,"column":3}}}},"branchMap":{"0":{"loc":{"start":{"line":17,"column":4},"end":{"line":19,"column":5}},"type":"if","locations":[{"start":{"line":17,"column":4},"end":{"line":19,"column":5}}]},"1":{"loc":{"start":{"line":29,"column":19},"end":{"line":29,"column":43}},"type":"binary-expr","locations":[{"start":{"line":29,"column":19},"end":{"line":29,"column":37}},{"start":{"line":29,"column":41},"end":{"line":29,"column":43}}]},"2":{"loc":{"start":{"line":30,"column":18},"end":{"line":30,"column":41}},"type":"binary-expr","locations":[{"start":{"line":30,"column":18},"end":{"line":30,"column":35}},{"start":{"line":30,"column":39},"end":{"line":30,"column":41}}]},"3":{"loc":{"start":{"line":31,"column":21},"end":{"line":31,"column":47}},"type":"binary-expr","locations":[{"start":{"line":31,"column":21},"end":{"line":31,"column":41}},{"start":{"line":31,"column":45},"end":{"line":31,"column":47}}]},"4":{"loc":{"start":{"line":32,"column":22},"end":{"line":32,"column":63}},"type":"binary-expr","locations":[{"start":{"line":32,"column":22},"end":{"line":32,"column":43}},{"start":{"line":32,"column":47},"end":{"line":32,"column":63}}]},"5":{"loc":{"start":{"line":33,"column":26},"end":{"line":33,"column":66}},"type":"binary-expr","locations":[{"start":{"line":33,"column":26},"end":{"line":33,"column":51}},{"start":{"line":33,"column":55},"end":{"line":33,"column":66}}]}},"s":{"0":0,"1":0,"2":0,"3":0,"4":0,"5":0,"6":0,"7":0,"8":0,"9":0,"10":0,"11":0,"12":0,"13":0,"14":0,"15":0,"16":0,"17":0,"18":0,"19":0,"20":0,"21":0,"22":0},"f":{"0":0,"1":0,"2":0,"3":0,"4":0,"5":0},"b":{"0":[0],"1":[0,0],"2":[0,0],"3":[0,0],"4":[0,0],"5":[0,0]}}
}
